2024-07-02 02:46:39 error: [POST] /login >> StatusCode:: 400, Message:: email must be an email,email should not be empty, password should not be empty
2024-07-02 02:46:39 error: [POST] /login >> StatusCode:: 400, Message:: email must be an email,email should not be empty, password should not be empty
2024-07-02 02:46:46 error: [POST] /login >> StatusCode:: 400, Message:: email must be an email,email should not be empty, password should not be empty
2024-07-02 02:46:47 error: [POST] /login >> StatusCode:: 400, Message:: email must be an email,email should not be empty, password should not be empty
2024-07-02 06:02:56 error: uncaughtException: тип Unable to compile TypeScript:
[96msrc/controllers/auth.controller.ts[0m:[93m54[0m:[93m4[0m - [91merror[0m[90m TS1005: [0m'finally' expected.

[7m54[0m   };
[7m  [0m [91m   ~[0m
[96msrc/controllers/auth.controller.ts[0m:[93m62[0m:[93m1[0m - [91merror[0m[90m TS1434: [0mUnexpected keyword or identifier.

[7m62[0m export default AuthController;
[7m  [0m [91m~~~~~~[0m
[96msrc/controllers/auth.controller.ts[0m:[93m62[0m:[93m8[0m - [91merror[0m[90m TS1434: [0mUnexpected keyword or identifier.

[7m62[0m export default AuthController;
[7m  [0m [91m       ~~~~~~~[0m
[96msrc/controllers/auth.controller.ts[0m:[93m63[0m:[93m1[0m - [91merror[0m[90m TS1005: [0m'}' expected.

[7m63[0m 
[7m  [0m [91m[0m

TSError: тип Unable to compile TypeScript:
[96msrc/controllers/auth.controller.ts[0m:[93m54[0m:[93m4[0m - [91merror[0m[90m TS1005: [0m'finally' expected.

[7m54[0m   };
[7m  [0m [91m   ~[0m
[96msrc/controllers/auth.controller.ts[0m:[93m62[0m:[93m1[0m - [91merror[0m[90m TS1434: [0mUnexpected keyword or identifier.

[7m62[0m export default AuthController;
[7m  [0m [91m~~~~~~[0m
[96msrc/controllers/auth.controller.ts[0m:[93m62[0m:[93m8[0m - [91merror[0m[90m TS1434: [0mUnexpected keyword or identifier.

[7m62[0m export default AuthController;
[7m  [0m [91m       ~~~~~~~[0m
[96msrc/controllers/auth.controller.ts[0m:[93m63[0m:[93m1[0m - [91merror[0m[90m TS1005: [0m'}' expected.

[7m63[0m 
[7m  [0m [91m[0m

    at createTSError (E:\Pocket Survey\pocketSurvey_backend\node_modules\ts-node\src\index.ts:750:12)
    at reportTSError (E:\Pocket Survey\pocketSurvey_backend\node_modules\ts-node\src\index.ts:754:19)
    at E:\Pocket Survey\pocketSurvey_backend\node_modules\ts-node\src\index.ts:1216:34
    at Object.compile (E:\Pocket Survey\pocketSurvey_backend\node_modules\ts-node\src\index.ts:1243:30)
    at Module.m._compile (E:\Pocket Survey\pocketSurvey_backend\node_modules\ts-node\src\index.ts:1370:30)
    at Module._extensions..js (node:internal/modules/cjs/loader:1422:10)
    at Object.require.extensions.<computed> [as .ts] (E:\Pocket Survey\pocketSurvey_backend\node_modules\ts-node\src\index.ts:1374:12)
    at Module.load (node:internal/modules/cjs/loader:1203:32)
    at Function.Module._load (node:internal/modules/cjs/loader:1019:12)
    at Module.require (node:internal/modules/cjs/loader:1231:19)
2024-07-02 06:03:02 error: uncaughtException: тип Unable to compile TypeScript:
[96msrc/controllers/auth.controller.ts[0m:[93m62[0m:[93m1[0m - [91merror[0m[90m TS1434: [0mUnexpected keyword or identifier.

[7m62[0m export default AuthController;
[7m  [0m [91m~~~~~~[0m
[96msrc/controllers/auth.controller.ts[0m:[93m62[0m:[93m8[0m - [91merror[0m[90m TS1434: [0mUnexpected keyword or identifier.

[7m62[0m export default AuthController;
[7m  [0m [91m       ~~~~~~~[0m
[96msrc/controllers/auth.controller.ts[0m:[93m63[0m:[93m1[0m - [91merror[0m[90m TS1005: [0m'}' expected.

[7m63[0m 
[7m  [0m [91m[0m

TSError: тип Unable to compile TypeScript:
[96msrc/controllers/auth.controller.ts[0m:[93m62[0m:[93m1[0m - [91merror[0m[90m TS1434: [0mUnexpected keyword or identifier.

[7m62[0m export default AuthController;
[7m  [0m [91m~~~~~~[0m
[96msrc/controllers/auth.controller.ts[0m:[93m62[0m:[93m8[0m - [91merror[0m[90m TS1434: [0mUnexpected keyword or identifier.

[7m62[0m export default AuthController;
[7m  [0m [91m       ~~~~~~~[0m
[96msrc/controllers/auth.controller.ts[0m:[93m63[0m:[93m1[0m - [91merror[0m[90m TS1005: [0m'}' expected.

[7m63[0m 
[7m  [0m [91m[0m

    at createTSError (E:\Pocket Survey\pocketSurvey_backend\node_modules\ts-node\src\index.ts:750:12)
    at reportTSError (E:\Pocket Survey\pocketSurvey_backend\node_modules\ts-node\src\index.ts:754:19)
    at E:\Pocket Survey\pocketSurvey_backend\node_modules\ts-node\src\index.ts:1216:34
    at Object.compile (E:\Pocket Survey\pocketSurvey_backend\node_modules\ts-node\src\index.ts:1243:30)
    at Module.m._compile (E:\Pocket Survey\pocketSurvey_backend\node_modules\ts-node\src\index.ts:1370:30)
    at Module._extensions..js (node:internal/modules/cjs/loader:1422:10)
    at Object.require.extensions.<computed> [as .ts] (E:\Pocket Survey\pocketSurvey_backend\node_modules\ts-node\src\index.ts:1374:12)
    at Module.load (node:internal/modules/cjs/loader:1203:32)
    at Function.Module._load (node:internal/modules/cjs/loader:1019:12)
    at Module.require (node:internal/modules/cjs/loader:1231:19)
2024-07-02 06:03:12 error: uncaughtException: тип Unable to compile TypeScript:
[96msrc/controllers/auth.controller.ts[0m:[93m62[0m:[93m1[0m - [91merror[0m[90m TS1434: [0mUnexpected keyword or identifier.

[7m62[0m export default AuthController;
[7m  [0m [91m~~~~~~[0m
[96msrc/controllers/auth.controller.ts[0m:[93m62[0m:[93m8[0m - [91merror[0m[90m TS1434: [0mUnexpected keyword or identifier.

[7m62[0m export default AuthController;
[7m  [0m [91m       ~~~~~~~[0m
[96msrc/controllers/auth.controller.ts[0m:[93m63[0m:[93m1[0m - [91merror[0m[90m TS1005: [0m'}' expected.

[7m63[0m 
[7m  [0m [91m[0m

TSError: тип Unable to compile TypeScript:
[96msrc/controllers/auth.controller.ts[0m:[93m62[0m:[93m1[0m - [91merror[0m[90m TS1434: [0mUnexpected keyword or identifier.

[7m62[0m export default AuthController;
[7m  [0m [91m~~~~~~[0m
[96msrc/controllers/auth.controller.ts[0m:[93m62[0m:[93m8[0m - [91merror[0m[90m TS1434: [0mUnexpected keyword or identifier.

[7m62[0m export default AuthController;
[7m  [0m [91m       ~~~~~~~[0m
[96msrc/controllers/auth.controller.ts[0m:[93m63[0m:[93m1[0m - [91merror[0m[90m TS1005: [0m'}' expected.

[7m63[0m 
[7m  [0m [91m[0m

    at createTSError (E:\Pocket Survey\pocketSurvey_backend\node_modules\ts-node\src\index.ts:750:12)
    at reportTSError (E:\Pocket Survey\pocketSurvey_backend\node_modules\ts-node\src\index.ts:754:19)
    at E:\Pocket Survey\pocketSurvey_backend\node_modules\ts-node\src\index.ts:1216:34
    at Object.compile (E:\Pocket Survey\pocketSurvey_backend\node_modules\ts-node\src\index.ts:1243:30)
    at Module.m._compile (E:\Pocket Survey\pocketSurvey_backend\node_modules\ts-node\src\index.ts:1370:30)
    at Module._extensions..js (node:internal/modules/cjs/loader:1422:10)
    at Object.require.extensions.<computed> [as .ts] (E:\Pocket Survey\pocketSurvey_backend\node_modules\ts-node\src\index.ts:1374:12)
    at Module.load (node:internal/modules/cjs/loader:1203:32)
    at Function.Module._load (node:internal/modules/cjs/loader:1019:12)
    at Module.require (node:internal/modules/cjs/loader:1231:19)
2024-07-02 06:03:50 error: uncaughtException: тип Unable to compile TypeScript:
[96msrc/controllers/auth.controller.ts[0m:[93m62[0m:[93m1[0m - [91merror[0m[90m TS1434: [0mUnexpected keyword or identifier.

[7m62[0m export default AuthController;
[7m  [0m [91m~~~~~~[0m
[96msrc/controllers/auth.controller.ts[0m:[93m62[0m:[93m8[0m - [91merror[0m[90m TS1434: [0mUnexpected keyword or identifier.

[7m62[0m export default AuthController;
[7m  [0m [91m       ~~~~~~~[0m
[96msrc/controllers/auth.controller.ts[0m:[93m63[0m:[93m1[0m - [91merror[0m[90m TS1005: [0m'}' expected.

[7m63[0m 
[7m  [0m [91m[0m

TSError: тип Unable to compile TypeScript:
[96msrc/controllers/auth.controller.ts[0m:[93m62[0m:[93m1[0m - [91merror[0m[90m TS1434: [0mUnexpected keyword or identifier.

[7m62[0m export default AuthController;
[7m  [0m [91m~~~~~~[0m
[96msrc/controllers/auth.controller.ts[0m:[93m62[0m:[93m8[0m - [91merror[0m[90m TS1434: [0mUnexpected keyword or identifier.

[7m62[0m export default AuthController;
[7m  [0m [91m       ~~~~~~~[0m
[96msrc/controllers/auth.controller.ts[0m:[93m63[0m:[93m1[0m - [91merror[0m[90m TS1005: [0m'}' expected.

[7m63[0m 
[7m  [0m [91m[0m

    at createTSError (E:\Pocket Survey\pocketSurvey_backend\node_modules\ts-node\src\index.ts:750:12)
    at reportTSError (E:\Pocket Survey\pocketSurvey_backend\node_modules\ts-node\src\index.ts:754:19)
    at E:\Pocket Survey\pocketSurvey_backend\node_modules\ts-node\src\index.ts:1216:34
    at Object.compile (E:\Pocket Survey\pocketSurvey_backend\node_modules\ts-node\src\index.ts:1243:30)
    at Module.m._compile (E:\Pocket Survey\pocketSurvey_backend\node_modules\ts-node\src\index.ts:1370:30)
    at Module._extensions..js (node:internal/modules/cjs/loader:1422:10)
    at Object.require.extensions.<computed> [as .ts] (E:\Pocket Survey\pocketSurvey_backend\node_modules\ts-node\src\index.ts:1374:12)
    at Module.load (node:internal/modules/cjs/loader:1203:32)
    at Function.Module._load (node:internal/modules/cjs/loader:1019:12)
    at Module.require (node:internal/modules/cjs/loader:1231:19)
2024-07-02 06:03:52 error: uncaughtException: тип Unable to compile TypeScript:
[96msrc/controllers/auth.controller.ts[0m:[93m62[0m:[93m1[0m - [91merror[0m[90m TS1434: [0mUnexpected keyword or identifier.

[7m62[0m export default AuthController;
[7m  [0m [91m~~~~~~[0m
[96msrc/controllers/auth.controller.ts[0m:[93m62[0m:[93m8[0m - [91merror[0m[90m TS1434: [0mUnexpected keyword or identifier.

[7m62[0m export default AuthController;
[7m  [0m [91m       ~~~~~~~[0m
[96msrc/controllers/auth.controller.ts[0m:[93m63[0m:[93m1[0m - [91merror[0m[90m TS1005: [0m'}' expected.

[7m63[0m 
[7m  [0m [91m[0m

TSError: тип Unable to compile TypeScript:
[96msrc/controllers/auth.controller.ts[0m:[93m62[0m:[93m1[0m - [91merror[0m[90m TS1434: [0mUnexpected keyword or identifier.

[7m62[0m export default AuthController;
[7m  [0m [91m~~~~~~[0m
[96msrc/controllers/auth.controller.ts[0m:[93m62[0m:[93m8[0m - [91merror[0m[90m TS1434: [0mUnexpected keyword or identifier.

[7m62[0m export default AuthController;
[7m  [0m [91m       ~~~~~~~[0m
[96msrc/controllers/auth.controller.ts[0m:[93m63[0m:[93m1[0m - [91merror[0m[90m TS1005: [0m'}' expected.

[7m63[0m 
[7m  [0m [91m[0m

    at createTSError (E:\Pocket Survey\pocketSurvey_backend\node_modules\ts-node\src\index.ts:750:12)
    at reportTSError (E:\Pocket Survey\pocketSurvey_backend\node_modules\ts-node\src\index.ts:754:19)
    at E:\Pocket Survey\pocketSurvey_backend\node_modules\ts-node\src\index.ts:1216:34
    at Object.compile (E:\Pocket Survey\pocketSurvey_backend\node_modules\ts-node\src\index.ts:1243:30)
    at Module.m._compile (E:\Pocket Survey\pocketSurvey_backend\node_modules\ts-node\src\index.ts:1370:30)
    at Module._extensions..js (node:internal/modules/cjs/loader:1422:10)
    at Object.require.extensions.<computed> [as .ts] (E:\Pocket Survey\pocketSurvey_backend\node_modules\ts-node\src\index.ts:1374:12)
    at Module.load (node:internal/modules/cjs/loader:1203:32)
    at Function.Module._load (node:internal/modules/cjs/loader:1019:12)
    at Module.require (node:internal/modules/cjs/loader:1231:19)
2024-07-02 06:11:22 error: uncaughtException: Converting circular structure to JSON
    --> starting at object with constructor 'Socket'
    |     property 'parser' -> object with constructor 'HTTPParser'
    --- property 'socket' closes the circle
TypeError: Converting circular structure to JSON
    --> starting at object with constructor 'Socket'
    |     property 'parser' -> object with constructor 'HTTPParser'
    --- property 'socket' closes the circle
    at JSON.stringify (<anonymous>)
    at stringify (E:\Pocket Survey\pocketSurvey_backend\node_modules\express\lib\response.js:1159:12)
    at ServerResponse.json (E:\Pocket Survey\pocketSurvey_backend\node_modules\express\lib\response.js:272:14)
    at AuthController.<anonymous> (E:\Pocket Survey\pocketSurvey_backend\src\controllers\auth.controller.ts:50:23)
    at step (E:\Pocket Survey\pocketSurvey_backend\src\controllers\auth.controller.ts:33:23)
    at Object.next (E:\Pocket Survey\pocketSurvey_backend\src\controllers\auth.controller.ts:14:53)
    at E:\Pocket Survey\pocketSurvey_backend\src\controllers\auth.controller.ts:8:71
    at new Promise (<anonymous>)
    at __awaiter (E:\Pocket Survey\pocketSurvey_backend\src\controllers\auth.controller.ts:4:12)
    at AuthController.signout (E:\Pocket Survey\pocketSurvey_backend\src\controllers\auth.controller.ts:46:74)
2024-07-02 06:11:54 error: uncaughtException: Converting circular structure to JSON
    --> starting at object with constructor 'Socket'
    |     property 'parser' -> object with constructor 'HTTPParser'
    --- property 'socket' closes the circle
TypeError: Converting circular structure to JSON
    --> starting at object with constructor 'Socket'
    |     property 'parser' -> object with constructor 'HTTPParser'
    --- property 'socket' closes the circle
    at JSON.stringify (<anonymous>)
    at stringify (E:\Pocket Survey\pocketSurvey_backend\node_modules\express\lib\response.js:1159:12)
    at ServerResponse.json (E:\Pocket Survey\pocketSurvey_backend\node_modules\express\lib\response.js:272:14)
    at AuthController.<anonymous> (E:\Pocket Survey\pocketSurvey_backend\src\controllers\auth.controller.ts:51:23)
    at step (E:\Pocket Survey\pocketSurvey_backend\src\controllers\auth.controller.ts:33:23)
    at Object.next (E:\Pocket Survey\pocketSurvey_backend\src\controllers\auth.controller.ts:14:53)
    at E:\Pocket Survey\pocketSurvey_backend\src\controllers\auth.controller.ts:8:71
    at new Promise (<anonymous>)
    at __awaiter (E:\Pocket Survey\pocketSurvey_backend\src\controllers\auth.controller.ts:4:12)
    at AuthController.signout (E:\Pocket Survey\pocketSurvey_backend\src\controllers\auth.controller.ts:46:74)
2024-07-02 06:12:40 error: uncaughtException: тип Unable to compile TypeScript:
[96msrc/controllers/auth.controller.ts[0m:[93m61[0m:[93m1[0m - [91merror[0m[90m TS1128: [0mDeclaration or statement expected.

[7m61[0m }
[7m  [0m [91m~[0m

TSError: тип Unable to compile TypeScript:
[96msrc/controllers/auth.controller.ts[0m:[93m61[0m:[93m1[0m - [91merror[0m[90m TS1128: [0mDeclaration or statement expected.

[7m61[0m }
[7m  [0m [91m~[0m

    at createTSError (E:\Pocket Survey\pocketSurvey_backend\node_modules\ts-node\src\index.ts:750:12)
    at reportTSError (E:\Pocket Survey\pocketSurvey_backend\node_modules\ts-node\src\index.ts:754:19)
    at E:\Pocket Survey\pocketSurvey_backend\node_modules\ts-node\src\index.ts:1216:34
    at Object.compile (E:\Pocket Survey\pocketSurvey_backend\node_modules\ts-node\src\index.ts:1243:30)
    at Module.m._compile (E:\Pocket Survey\pocketSurvey_backend\node_modules\ts-node\src\index.ts:1370:30)
    at Module._extensions..js (node:internal/modules/cjs/loader:1422:10)
    at Object.require.extensions.<computed> [as .ts] (E:\Pocket Survey\pocketSurvey_backend\node_modules\ts-node\src\index.ts:1374:12)
    at Module.load (node:internal/modules/cjs/loader:1203:32)
    at Function.Module._load (node:internal/modules/cjs/loader:1019:12)
    at Module.require (node:internal/modules/cjs/loader:1231:19)
2024-07-02 06:12:52 error: uncaughtException: тип Unable to compile TypeScript:
[96msrc/controllers/auth.controller.ts[0m:[93m61[0m:[93m1[0m - [91merror[0m[90m TS1128: [0mDeclaration or statement expected.

[7m61[0m }
[7m  [0m [91m~[0m

TSError: тип Unable to compile TypeScript:
[96msrc/controllers/auth.controller.ts[0m:[93m61[0m:[93m1[0m - [91merror[0m[90m TS1128: [0mDeclaration or statement expected.

[7m61[0m }
[7m  [0m [91m~[0m

    at createTSError (E:\Pocket Survey\pocketSurvey_backend\node_modules\ts-node\src\index.ts:750:12)
    at reportTSError (E:\Pocket Survey\pocketSurvey_backend\node_modules\ts-node\src\index.ts:754:19)
    at E:\Pocket Survey\pocketSurvey_backend\node_modules\ts-node\src\index.ts:1216:34
    at Object.compile (E:\Pocket Survey\pocketSurvey_backend\node_modules\ts-node\src\index.ts:1243:30)
    at Module.m._compile (E:\Pocket Survey\pocketSurvey_backend\node_modules\ts-node\src\index.ts:1370:30)
    at Module._extensions..js (node:internal/modules/cjs/loader:1422:10)
    at Object.require.extensions.<computed> [as .ts] (E:\Pocket Survey\pocketSurvey_backend\node_modules\ts-node\src\index.ts:1374:12)
    at Module.load (node:internal/modules/cjs/loader:1203:32)
    at Function.Module._load (node:internal/modules/cjs/loader:1019:12)
    at Module.require (node:internal/modules/cjs/loader:1231:19)
2024-07-02 06:13:10 error: [POST] /signout >> StatusCode:: 500, Message:: Converting circular structure to JSON
    --> starting at object with constructor 'Socket'
    |     property 'parser' -> object with constructor 'HTTPParser'
    --- property 'socket' closes the circle
2024-07-02 09:28:51 error: uncaughtException: Cannot find module '@dtos/users.dto'
Require stack:
- E:\Pocket Survey\pocketSurvey_backend\src\routes\auth.route.ts
- E:\Pocket Survey\pocketSurvey_backend\src\server.ts
Error: Cannot find module '@dtos/users.dto'
Require stack:
- E:\Pocket Survey\pocketSurvey_backend\src\routes\auth.route.ts
- E:\Pocket Survey\pocketSurvey_backend\src\server.ts
    at Function.Module._resolveFilename (node:internal/modules/cjs/loader:1140:15)
    at Function.Module._resolveFilename.sharedData.moduleResolveFilenameHook.installedValue (E:\Pocket Survey\pocketSurvey_backend\node_modules\@cspotcode\source-map-support\source-map-support.js:679:30)
    at Function.Module._resolveFilename (E:\Pocket Survey\pocketSurvey_backend\node_modules\tsconfig-paths\src\register.ts:90:36)
    at Function.Module._load (node:internal/modules/cjs/loader:981:27)
    at Module.require (node:internal/modules/cjs/loader:1231:19)
    at require (node:internal/modules/helpers:177:18)
    at Object.<anonymous> (E:\Pocket Survey\pocketSurvey_backend\src\routes\auth.route.ts:3:1)
    at Module._compile (node:internal/modules/cjs/loader:1364:14)
    at Module.m._compile (E:\Pocket Survey\pocketSurvey_backend\node_modules\ts-node\src\index.ts:1371:23)
    at Module._extensions..js (node:internal/modules/cjs/loader:1422:10)
2024-07-02 09:29:01 error: uncaughtException: Cannot find module '@dtos/users.dto'
Require stack:
- E:\Pocket Survey\pocketSurvey_backend\src\routes\auth.route.ts
- E:\Pocket Survey\pocketSurvey_backend\src\server.ts
Error: Cannot find module '@dtos/users.dto'
Require stack:
- E:\Pocket Survey\pocketSurvey_backend\src\routes\auth.route.ts
- E:\Pocket Survey\pocketSurvey_backend\src\server.ts
    at Function.Module._resolveFilename (node:internal/modules/cjs/loader:1140:15)
    at Function.Module._resolveFilename.sharedData.moduleResolveFilenameHook.installedValue (E:\Pocket Survey\pocketSurvey_backend\node_modules\@cspotcode\source-map-support\source-map-support.js:679:30)
    at Function.Module._resolveFilename (E:\Pocket Survey\pocketSurvey_backend\node_modules\tsconfig-paths\src\register.ts:90:36)
    at Function.Module._load (node:internal/modules/cjs/loader:981:27)
    at Module.require (node:internal/modules/cjs/loader:1231:19)
    at require (node:internal/modules/helpers:177:18)
    at Object.<anonymous> (E:\Pocket Survey\pocketSurvey_backend\src\routes\auth.route.ts:3:1)
    at Module._compile (node:internal/modules/cjs/loader:1364:14)
    at Module.m._compile (E:\Pocket Survey\pocketSurvey_backend\node_modules\ts-node\src\index.ts:1371:23)
    at Module._extensions..js (node:internal/modules/cjs/loader:1422:10)
2024-07-02 09:29:18 error: uncaughtException: Cannot find module '@dtos/users.dto'
Require stack:
- E:\Pocket Survey\pocketSurvey_backend\src\routes\auth.route.ts
- E:\Pocket Survey\pocketSurvey_backend\src\server.ts
Error: Cannot find module '@dtos/users.dto'
Require stack:
- E:\Pocket Survey\pocketSurvey_backend\src\routes\auth.route.ts
- E:\Pocket Survey\pocketSurvey_backend\src\server.ts
    at Function.Module._resolveFilename (node:internal/modules/cjs/loader:1140:15)
    at Function.Module._resolveFilename.sharedData.moduleResolveFilenameHook.installedValue (E:\Pocket Survey\pocketSurvey_backend\node_modules\@cspotcode\source-map-support\source-map-support.js:679:30)
    at Function.Module._resolveFilename (E:\Pocket Survey\pocketSurvey_backend\node_modules\tsconfig-paths\src\register.ts:90:36)
    at Function.Module._load (node:internal/modules/cjs/loader:981:27)
    at Module.require (node:internal/modules/cjs/loader:1231:19)
    at require (node:internal/modules/helpers:177:18)
    at Object.<anonymous> (E:\Pocket Survey\pocketSurvey_backend\src\routes\auth.route.ts:3:1)
    at Module._compile (node:internal/modules/cjs/loader:1364:14)
    at Module.m._compile (E:\Pocket Survey\pocketSurvey_backend\node_modules\ts-node\src\index.ts:1371:23)
    at Module._extensions..js (node:internal/modules/cjs/loader:1422:10)
2024-07-02 09:29:25 error: uncaughtException: Cannot find module '@dtos/users.dto'
Require stack:
- E:\Pocket Survey\pocketSurvey_backend\src\routes\auth.route.ts
- E:\Pocket Survey\pocketSurvey_backend\src\server.ts
Error: Cannot find module '@dtos/users.dto'
Require stack:
- E:\Pocket Survey\pocketSurvey_backend\src\routes\auth.route.ts
- E:\Pocket Survey\pocketSurvey_backend\src\server.ts
    at Function.Module._resolveFilename (node:internal/modules/cjs/loader:1140:15)
    at Function.Module._resolveFilename.sharedData.moduleResolveFilenameHook.installedValue (E:\Pocket Survey\pocketSurvey_backend\node_modules\@cspotcode\source-map-support\source-map-support.js:679:30)
    at Function.Module._resolveFilename (E:\Pocket Survey\pocketSurvey_backend\node_modules\tsconfig-paths\src\register.ts:90:36)
    at Function.Module._load (node:internal/modules/cjs/loader:981:27)
    at Module.require (node:internal/modules/cjs/loader:1231:19)
    at require (node:internal/modules/helpers:177:18)
    at Object.<anonymous> (E:\Pocket Survey\pocketSurvey_backend\src\routes\auth.route.ts:3:1)
    at Module._compile (node:internal/modules/cjs/loader:1364:14)
    at Module.m._compile (E:\Pocket Survey\pocketSurvey_backend\node_modules\ts-node\src\index.ts:1371:23)
    at Module._extensions..js (node:internal/modules/cjs/loader:1422:10)
2024-07-02 09:34:36 error: uncaughtException: Cannot find module '@dtos/users.dto'
Require stack:
- E:\Pocket Survey\pocketSurvey_backend\src\routes\auth.route.ts
- E:\Pocket Survey\pocketSurvey_backend\src\server.ts
Error: Cannot find module '@dtos/users.dto'
Require stack:
- E:\Pocket Survey\pocketSurvey_backend\src\routes\auth.route.ts
- E:\Pocket Survey\pocketSurvey_backend\src\server.ts
    at Function.Module._resolveFilename (node:internal/modules/cjs/loader:1140:15)
    at Function.Module._resolveFilename.sharedData.moduleResolveFilenameHook.installedValue (E:\Pocket Survey\pocketSurvey_backend\node_modules\@cspotcode\source-map-support\source-map-support.js:679:30)
    at Function.Module._resolveFilename (E:\Pocket Survey\pocketSurvey_backend\node_modules\tsconfig-paths\src\register.ts:90:36)
    at Function.Module._load (node:internal/modules/cjs/loader:981:27)
    at Module.require (node:internal/modules/cjs/loader:1231:19)
    at require (node:internal/modules/helpers:177:18)
    at Object.<anonymous> (E:\Pocket Survey\pocketSurvey_backend\src\routes\auth.route.ts:3:1)
    at Module._compile (node:internal/modules/cjs/loader:1364:14)
    at Module.m._compile (E:\Pocket Survey\pocketSurvey_backend\node_modules\ts-node\src\index.ts:1371:23)
    at Module._extensions..js (node:internal/modules/cjs/loader:1422:10)
2024-07-02 09:34:51 error: uncaughtException: Cannot find module '@dtos/users.dto'
Require stack:
- E:\Pocket Survey\pocketSurvey_backend\src\routes\auth.route.ts
- E:\Pocket Survey\pocketSurvey_backend\src\server.ts
Error: Cannot find module '@dtos/users.dto'
Require stack:
- E:\Pocket Survey\pocketSurvey_backend\src\routes\auth.route.ts
- E:\Pocket Survey\pocketSurvey_backend\src\server.ts
    at Function.Module._resolveFilename (node:internal/modules/cjs/loader:1140:15)
    at Function.Module._resolveFilename.sharedData.moduleResolveFilenameHook.installedValue (E:\Pocket Survey\pocketSurvey_backend\node_modules\@cspotcode\source-map-support\source-map-support.js:679:30)
    at Function.Module._resolveFilename (E:\Pocket Survey\pocketSurvey_backend\node_modules\tsconfig-paths\src\register.ts:90:36)
    at Function.Module._load (node:internal/modules/cjs/loader:981:27)
    at Module.require (node:internal/modules/cjs/loader:1231:19)
    at require (node:internal/modules/helpers:177:18)
    at Object.<anonymous> (E:\Pocket Survey\pocketSurvey_backend\src\routes\auth.route.ts:3:1)
    at Module._compile (node:internal/modules/cjs/loader:1364:14)
    at Module.m._compile (E:\Pocket Survey\pocketSurvey_backend\node_modules\ts-node\src\index.ts:1371:23)
    at Module._extensions..js (node:internal/modules/cjs/loader:1422:10)
2024-07-02 09:34:57 error: uncaughtException: Cannot find module '@dtos/users.dto'
Require stack:
- E:\Pocket Survey\pocketSurvey_backend\src\routes\auth.route.ts
- E:\Pocket Survey\pocketSurvey_backend\src\server.ts
Error: Cannot find module '@dtos/users.dto'
Require stack:
- E:\Pocket Survey\pocketSurvey_backend\src\routes\auth.route.ts
- E:\Pocket Survey\pocketSurvey_backend\src\server.ts
    at Function.Module._resolveFilename (node:internal/modules/cjs/loader:1140:15)
    at Function.Module._resolveFilename.sharedData.moduleResolveFilenameHook.installedValue (E:\Pocket Survey\pocketSurvey_backend\node_modules\@cspotcode\source-map-support\source-map-support.js:679:30)
    at Function.Module._resolveFilename (E:\Pocket Survey\pocketSurvey_backend\node_modules\tsconfig-paths\src\register.ts:90:36)
    at Function.Module._load (node:internal/modules/cjs/loader:981:27)
    at Module.require (node:internal/modules/cjs/loader:1231:19)
    at require (node:internal/modules/helpers:177:18)
    at Object.<anonymous> (E:\Pocket Survey\pocketSurvey_backend\src\routes\auth.route.ts:3:1)
    at Module._compile (node:internal/modules/cjs/loader:1364:14)
    at Module.m._compile (E:\Pocket Survey\pocketSurvey_backend\node_modules\ts-node\src\index.ts:1371:23)
    at Module._extensions..js (node:internal/modules/cjs/loader:1422:10)
2024-07-02 09:36:49 error: [POST] /organizationSignup >> StatusCode:: 400, Message:: email must be an email,email should not be empty, name should not be empty, jobTitle should not be empty, password should not be empty, confirmPassword should not be empty, webAddress should not be empty
