2024-06-27 04:48:14 error: [POST] /resetPassword >> StatusCode:: 400, Message:: email must be an email,email should not be empty
2024-06-27 04:48:46 error: [POST] /resetPassword >> StatusCode:: 500, Message:: Cannot read properties of undefined (reading 'token')
2024-06-27 04:49:07 error: [POST] /resetPassword >> StatusCode:: 409, Message:: Email bajwab4u@gmai.com not found
2024-06-27 04:59:23 error: uncaughtException: Cannot read properties of undefined (reading 'createTransport')
TypeError: Cannot read properties of undefined (reading 'createTransport')
    at new AuthService (E:\Pocket Survey\pocketSurvey_backend\src\services\auth.service.ts:15:35)
    at new AuthController (E:\Pocket Survey\pocketSurvey_backend\src\controllers\auth.controller.ts:6:24)
    at new AuthRoute (E:\Pocket Survey\pocketSurvey_backend\src\routes\auth.route.ts:11:27)
    at Object.<anonymous> (E:\Pocket Survey\pocketSurvey_backend\src\server.ts:11:23)
    at Module._compile (node:internal/modules/cjs/loader:1364:14)
    at Module.m._compile (E:\Pocket Survey\pocketSurvey_backend\node_modules\ts-node\src\index.ts:1371:23)
    at Module._extensions..js (node:internal/modules/cjs/loader:1422:10)
    at Object.require.extensions.<computed> [as .ts] (E:\Pocket Survey\pocketSurvey_backend\node_modules\ts-node\src\index.ts:1374:12)
    at Module.load (node:internal/modules/cjs/loader:1203:32)
    at Function.Module._load (node:internal/modules/cjs/loader:1019:12)
2024-06-27 04:59:38 error: uncaughtException: Cannot read properties of undefined (reading 'createTransport')
TypeError: Cannot read properties of undefined (reading 'createTransport')
    at new AuthService (E:\Pocket Survey\pocketSurvey_backend\src\services\auth.service.ts:15:35)
    at new AuthController (E:\Pocket Survey\pocketSurvey_backend\src\controllers\auth.controller.ts:6:24)
    at new AuthRoute (E:\Pocket Survey\pocketSurvey_backend\src\routes\auth.route.ts:11:27)
    at Object.<anonymous> (E:\Pocket Survey\pocketSurvey_backend\src\server.ts:11:23)
    at Module._compile (node:internal/modules/cjs/loader:1364:14)
    at Module.m._compile (E:\Pocket Survey\pocketSurvey_backend\node_modules\ts-node\src\index.ts:1371:23)
    at Module._extensions..js (node:internal/modules/cjs/loader:1422:10)
    at Object.require.extensions.<computed> [as .ts] (E:\Pocket Survey\pocketSurvey_backend\node_modules\ts-node\src\index.ts:1374:12)
    at Module.load (node:internal/modules/cjs/loader:1203:32)
    at Function.Module._load (node:internal/modules/cjs/loader:1019:12)
2024-06-27 05:00:19 error: uncaughtException: Cannot read properties of undefined (reading 'createTransport')
TypeError: Cannot read properties of undefined (reading 'createTransport')
    at new AuthService (E:\Pocket Survey\pocketSurvey_backend\src\services\auth.service.ts:15:28)
    at new AuthController (E:\Pocket Survey\pocketSurvey_backend\src\controllers\auth.controller.ts:6:24)
    at new AuthRoute (E:\Pocket Survey\pocketSurvey_backend\src\routes\auth.route.ts:11:27)
    at Object.<anonymous> (E:\Pocket Survey\pocketSurvey_backend\src\server.ts:11:23)
    at Module._compile (node:internal/modules/cjs/loader:1364:14)
    at Module.m._compile (E:\Pocket Survey\pocketSurvey_backend\node_modules\ts-node\src\index.ts:1371:23)
    at Module._extensions..js (node:internal/modules/cjs/loader:1422:10)
    at Object.require.extensions.<computed> [as .ts] (E:\Pocket Survey\pocketSurvey_backend\node_modules\ts-node\src\index.ts:1374:12)
    at Module.load (node:internal/modules/cjs/loader:1203:32)
    at Function.Module._load (node:internal/modules/cjs/loader:1019:12)
2024-06-27 05:00:55 error: uncaughtException: Cannot read properties of undefined (reading 'createTransport')
TypeError: Cannot read properties of undefined (reading 'createTransport')
    at new AuthService (E:\Pocket Survey\pocketSurvey_backend\src\services\auth.service.ts:15:28)
    at new AuthController (E:\Pocket Survey\pocketSurvey_backend\src\controllers\auth.controller.ts:6:24)
    at new AuthRoute (E:\Pocket Survey\pocketSurvey_backend\src\routes\auth.route.ts:11:27)
    at Object.<anonymous> (E:\Pocket Survey\pocketSurvey_backend\src\server.ts:11:23)
    at Module._compile (node:internal/modules/cjs/loader:1364:14)
    at Module.m._compile (E:\Pocket Survey\pocketSurvey_backend\node_modules\ts-node\src\index.ts:1371:23)
    at Module._extensions..js (node:internal/modules/cjs/loader:1422:10)
    at Object.require.extensions.<computed> [as .ts] (E:\Pocket Survey\pocketSurvey_backend\node_modules\ts-node\src\index.ts:1374:12)
    at Module.load (node:internal/modules/cjs/loader:1203:32)
    at Function.Module._load (node:internal/modules/cjs/loader:1019:12)
2024-06-27 05:02:20 error: uncaughtException: Cannot read properties of undefined (reading 'createTransport')
TypeError: Cannot read properties of undefined (reading 'createTransport')
    at new AuthService (E:\Pocket Survey\pocketSurvey_backend\src\services\auth.service.ts:15:28)
    at new AuthController (E:\Pocket Survey\pocketSurvey_backend\src\controllers\auth.controller.ts:6:24)
    at new AuthRoute (E:\Pocket Survey\pocketSurvey_backend\src\routes\auth.route.ts:11:27)
    at Object.<anonymous> (E:\Pocket Survey\pocketSurvey_backend\src\server.ts:11:23)
    at Module._compile (node:internal/modules/cjs/loader:1364:14)
    at Module.m._compile (E:\Pocket Survey\pocketSurvey_backend\node_modules\ts-node\src\index.ts:1371:23)
    at Module._extensions..js (node:internal/modules/cjs/loader:1422:10)
    at Object.require.extensions.<computed> [as .ts] (E:\Pocket Survey\pocketSurvey_backend\node_modules\ts-node\src\index.ts:1374:12)
    at Module.load (node:internal/modules/cjs/loader:1203:32)
    at Function.Module._load (node:internal/modules/cjs/loader:1019:12)
2024-06-27 05:02:43 error: uncaughtException: Cannot read properties of undefined (reading 'createTransport')
TypeError: Cannot read properties of undefined (reading 'createTransport')
    at new AuthService (E:\Pocket Survey\pocketSurvey_backend\src\services\auth.service.ts:15:35)
    at new AuthController (E:\Pocket Survey\pocketSurvey_backend\src\controllers\auth.controller.ts:6:24)
    at new AuthRoute (E:\Pocket Survey\pocketSurvey_backend\src\routes\auth.route.ts:11:27)
    at Object.<anonymous> (E:\Pocket Survey\pocketSurvey_backend\src\server.ts:11:23)
    at Module._compile (node:internal/modules/cjs/loader:1364:14)
    at Module.m._compile (E:\Pocket Survey\pocketSurvey_backend\node_modules\ts-node\src\index.ts:1371:23)
    at Module._extensions..js (node:internal/modules/cjs/loader:1422:10)
    at Object.require.extensions.<computed> [as .ts] (E:\Pocket Survey\pocketSurvey_backend\node_modules\ts-node\src\index.ts:1374:12)
    at Module.load (node:internal/modules/cjs/loader:1203:32)
    at Function.Module._load (node:internal/modules/cjs/loader:1019:12)
2024-06-27 05:03:20 error: [POST] /resetPassword >> StatusCode:: 500, Message:: Cannot read properties of undefined (reading 'sendMail')
2024-06-27 05:03:24 error: [POST] /resetPassword >> StatusCode:: 500, Message:: Cannot read properties of undefined (reading 'sendMail')
2024-06-27 05:05:43 error: uncaughtException: Cannot read properties of undefined (reading 'createTransport')
TypeError: Cannot read properties of undefined (reading 'createTransport')
    at new AuthService (E:\Pocket Survey\pocketSurvey_backend\src\services\auth.service.ts:15:36)
    at new AuthController (E:\Pocket Survey\pocketSurvey_backend\src\controllers\auth.controller.ts:6:24)
    at new AuthRoute (E:\Pocket Survey\pocketSurvey_backend\src\routes\auth.route.ts:11:27)
    at Object.<anonymous> (E:\Pocket Survey\pocketSurvey_backend\src\server.ts:11:23)
    at Module._compile (node:internal/modules/cjs/loader:1364:14)
    at Module.m._compile (E:\Pocket Survey\pocketSurvey_backend\node_modules\ts-node\src\index.ts:1371:23)
    at Module._extensions..js (node:internal/modules/cjs/loader:1422:10)
    at Object.require.extensions.<computed> [as .ts] (E:\Pocket Survey\pocketSurvey_backend\node_modules\ts-node\src\index.ts:1374:12)
    at Module.load (node:internal/modules/cjs/loader:1203:32)
    at Function.Module._load (node:internal/modules/cjs/loader:1019:12)
2024-06-27 05:05:59 error: uncaughtException: Cannot read properties of undefined (reading 'createTransport')
TypeError: Cannot read properties of undefined (reading 'createTransport')
    at new AuthService (E:\Pocket Survey\pocketSurvey_backend\src\services\auth.service.ts:15:36)
    at new AuthController (E:\Pocket Survey\pocketSurvey_backend\src\controllers\auth.controller.ts:6:24)
    at new AuthRoute (E:\Pocket Survey\pocketSurvey_backend\src\routes\auth.route.ts:11:27)
    at Object.<anonymous> (E:\Pocket Survey\pocketSurvey_backend\src\server.ts:11:23)
    at Module._compile (node:internal/modules/cjs/loader:1364:14)
    at Module.m._compile (E:\Pocket Survey\pocketSurvey_backend\node_modules\ts-node\src\index.ts:1371:23)
    at Module._extensions..js (node:internal/modules/cjs/loader:1422:10)
    at Object.require.extensions.<computed> [as .ts] (E:\Pocket Survey\pocketSurvey_backend\node_modules\ts-node\src\index.ts:1374:12)
    at Module.load (node:internal/modules/cjs/loader:1203:32)
    at Function.Module._load (node:internal/modules/cjs/loader:1019:12)
2024-06-27 05:07:06 error: uncaughtException: Cannot read properties of undefined (reading 'createTransport')
TypeError: Cannot read properties of undefined (reading 'createTransport')
    at new AuthService (E:\Pocket Survey\pocketSurvey_backend\src\services\auth.service.ts:15:36)
    at new AuthController (E:\Pocket Survey\pocketSurvey_backend\src\controllers\auth.controller.ts:6:24)
    at new AuthRoute (E:\Pocket Survey\pocketSurvey_backend\src\routes\auth.route.ts:11:27)
    at Object.<anonymous> (E:\Pocket Survey\pocketSurvey_backend\src\server.ts:11:23)
    at Module._compile (node:internal/modules/cjs/loader:1364:14)
    at Module.m._compile (E:\Pocket Survey\pocketSurvey_backend\node_modules\ts-node\src\index.ts:1371:23)
    at Module._extensions..js (node:internal/modules/cjs/loader:1422:10)
    at Object.require.extensions.<computed> [as .ts] (E:\Pocket Survey\pocketSurvey_backend\node_modules\ts-node\src\index.ts:1374:12)
    at Module.load (node:internal/modules/cjs/loader:1203:32)
    at Function.Module._load (node:internal/modules/cjs/loader:1019:12)
2024-06-27 05:07:49 error: uncaughtException: Cannot read properties of undefined (reading 'createTransport')
TypeError: Cannot read properties of undefined (reading 'createTransport')
    at new AuthService (E:\Pocket Survey\pocketSurvey_backend\src\services\auth.service.ts:15:36)
    at new AuthController (E:\Pocket Survey\pocketSurvey_backend\src\controllers\auth.controller.ts:6:24)
    at new AuthRoute (E:\Pocket Survey\pocketSurvey_backend\src\routes\auth.route.ts:11:27)
    at Object.<anonymous> (E:\Pocket Survey\pocketSurvey_backend\src\server.ts:11:23)
    at Module._compile (node:internal/modules/cjs/loader:1364:14)
    at Module.m._compile (E:\Pocket Survey\pocketSurvey_backend\node_modules\ts-node\src\index.ts:1371:23)
    at Module._extensions..js (node:internal/modules/cjs/loader:1422:10)
    at Object.require.extensions.<computed> [as .ts] (E:\Pocket Survey\pocketSurvey_backend\node_modules\ts-node\src\index.ts:1374:12)
    at Module.load (node:internal/modules/cjs/loader:1203:32)
    at Function.Module._load (node:internal/modules/cjs/loader:1019:12)
2024-06-27 05:08:51 error: uncaughtException: Cannot read properties of undefined (reading 'createTransport')
TypeError: Cannot read properties of undefined (reading 'createTransport')
    at new AuthService (E:\Pocket Survey\pocketSurvey_backend\src\services\auth.service.ts:15:36)
    at new AuthController (E:\Pocket Survey\pocketSurvey_backend\src\controllers\auth.controller.ts:6:24)
    at new AuthRoute (E:\Pocket Survey\pocketSurvey_backend\src\routes\auth.route.ts:11:27)
    at Object.<anonymous> (E:\Pocket Survey\pocketSurvey_backend\src\server.ts:11:23)
    at Module._compile (node:internal/modules/cjs/loader:1364:14)
    at Module.m._compile (E:\Pocket Survey\pocketSurvey_backend\node_modules\ts-node\src\index.ts:1371:23)
    at Module._extensions..js (node:internal/modules/cjs/loader:1422:10)
    at Object.require.extensions.<computed> [as .ts] (E:\Pocket Survey\pocketSurvey_backend\node_modules\ts-node\src\index.ts:1374:12)
    at Module.load (node:internal/modules/cjs/loader:1203:32)
    at Function.Module._load (node:internal/modules/cjs/loader:1019:12)
2024-06-27 05:09:29 error: uncaughtException: Cannot read properties of undefined (reading 'createTransport')
TypeError: Cannot read properties of undefined (reading 'createTransport')
    at new AuthService (E:\Pocket Survey\pocketSurvey_backend\src\services\auth.service.ts:19:35)
    at new AuthController (E:\Pocket Survey\pocketSurvey_backend\src\controllers\auth.controller.ts:6:24)
    at new AuthRoute (E:\Pocket Survey\pocketSurvey_backend\src\routes\auth.route.ts:11:27)
    at Object.<anonymous> (E:\Pocket Survey\pocketSurvey_backend\src\server.ts:11:23)
    at Module._compile (node:internal/modules/cjs/loader:1364:14)
    at Module.m._compile (E:\Pocket Survey\pocketSurvey_backend\node_modules\ts-node\src\index.ts:1371:23)
    at Module._extensions..js (node:internal/modules/cjs/loader:1422:10)
    at Object.require.extensions.<computed> [as .ts] (E:\Pocket Survey\pocketSurvey_backend\node_modules\ts-node\src\index.ts:1374:12)
    at Module.load (node:internal/modules/cjs/loader:1203:32)
    at Function.Module._load (node:internal/modules/cjs/loader:1019:12)
2024-06-27 05:10:23 error: uncaughtException: Cannot read properties of undefined (reading 'createTransport')
TypeError: Cannot read properties of undefined (reading 'createTransport')
    at new AuthService (E:\Pocket Survey\pocketSurvey_backend\src\services\auth.service.ts:15:35)
    at new AuthController (E:\Pocket Survey\pocketSurvey_backend\src\controllers\auth.controller.ts:6:24)
    at new AuthRoute (E:\Pocket Survey\pocketSurvey_backend\src\routes\auth.route.ts:11:27)
    at Object.<anonymous> (E:\Pocket Survey\pocketSurvey_backend\src\server.ts:11:23)
    at Module._compile (node:internal/modules/cjs/loader:1364:14)
    at Module.m._compile (E:\Pocket Survey\pocketSurvey_backend\node_modules\ts-node\src\index.ts:1371:23)
    at Module._extensions..js (node:internal/modules/cjs/loader:1422:10)
    at Object.require.extensions.<computed> [as .ts] (E:\Pocket Survey\pocketSurvey_backend\node_modules\ts-node\src\index.ts:1374:12)
    at Module.load (node:internal/modules/cjs/loader:1203:32)
    at Function.Module._load (node:internal/modules/cjs/loader:1019:12)
2024-06-27 05:11:13 error: uncaughtException: Cannot read properties of undefined (reading 'createTransport')
TypeError: Cannot read properties of undefined (reading 'createTransport')
    at new AuthService (E:\Pocket Survey\pocketSurvey_backend\src\services\auth.service.ts:15:35)
    at new AuthController (E:\Pocket Survey\pocketSurvey_backend\src\controllers\auth.controller.ts:6:24)
    at new AuthRoute (E:\Pocket Survey\pocketSurvey_backend\src\routes\auth.route.ts:11:27)
    at Object.<anonymous> (E:\Pocket Survey\pocketSurvey_backend\src\server.ts:11:23)
    at Module._compile (node:internal/modules/cjs/loader:1364:14)
    at Module.m._compile (E:\Pocket Survey\pocketSurvey_backend\node_modules\ts-node\src\index.ts:1371:23)
    at Module._extensions..js (node:internal/modules/cjs/loader:1422:10)
    at Object.require.extensions.<computed> [as .ts] (E:\Pocket Survey\pocketSurvey_backend\node_modules\ts-node\src\index.ts:1374:12)
    at Module.load (node:internal/modules/cjs/loader:1203:32)
    at Function.Module._load (node:internal/modules/cjs/loader:1019:12)
2024-06-27 05:12:44 error: uncaughtException: Cannot read properties of undefined (reading 'createTransport')
TypeError: Cannot read properties of undefined (reading 'createTransport')
    at new AuthService (E:\Pocket Survey\pocketSurvey_backend\src\services\auth.service.ts:15:35)
    at new AuthController (E:\Pocket Survey\pocketSurvey_backend\src\controllers\auth.controller.ts:6:24)
    at new AuthRoute (E:\Pocket Survey\pocketSurvey_backend\src\routes\auth.route.ts:11:27)
    at Object.<anonymous> (E:\Pocket Survey\pocketSurvey_backend\src\server.ts:11:23)
    at Module._compile (node:internal/modules/cjs/loader:1364:14)
    at Module.m._compile (E:\Pocket Survey\pocketSurvey_backend\node_modules\ts-node\src\index.ts:1371:23)
    at Module._extensions..js (node:internal/modules/cjs/loader:1422:10)
    at Object.require.extensions.<computed> [as .ts] (E:\Pocket Survey\pocketSurvey_backend\node_modules\ts-node\src\index.ts:1374:12)
    at Module.load (node:internal/modules/cjs/loader:1203:32)
    at Function.Module._load (node:internal/modules/cjs/loader:1019:12)
2024-06-27 05:12:51 error: uncaughtException: Cannot read properties of undefined (reading 'createTransport')
TypeError: Cannot read properties of undefined (reading 'createTransport')
    at new AuthService (E:\Pocket Survey\pocketSurvey_backend\src\services\auth.service.ts:15:35)
    at new AuthController (E:\Pocket Survey\pocketSurvey_backend\src\controllers\auth.controller.ts:6:24)
    at new AuthRoute (E:\Pocket Survey\pocketSurvey_backend\src\routes\auth.route.ts:11:27)
    at Object.<anonymous> (E:\Pocket Survey\pocketSurvey_backend\src\server.ts:11:23)
    at Module._compile (node:internal/modules/cjs/loader:1364:14)
    at Module.m._compile (E:\Pocket Survey\pocketSurvey_backend\node_modules\ts-node\src\index.ts:1371:23)
    at Module._extensions..js (node:internal/modules/cjs/loader:1422:10)
    at Object.require.extensions.<computed> [as .ts] (E:\Pocket Survey\pocketSurvey_backend\node_modules\ts-node\src\index.ts:1374:12)
    at Module.load (node:internal/modules/cjs/loader:1203:32)
    at Function.Module._load (node:internal/modules/cjs/loader:1019:12)
2024-06-27 05:13:11 error: uncaughtException: Cannot read properties of undefined (reading 'createTransport')
TypeError: Cannot read properties of undefined (reading 'createTransport')
    at new AuthService (E:\Pocket Survey\pocketSurvey_backend\src\services\auth.service.ts:15:36)
    at new AuthController (E:\Pocket Survey\pocketSurvey_backend\src\controllers\auth.controller.ts:6:24)
    at new AuthRoute (E:\Pocket Survey\pocketSurvey_backend\src\routes\auth.route.ts:11:27)
    at Object.<anonymous> (E:\Pocket Survey\pocketSurvey_backend\src\server.ts:11:23)
    at Module._compile (node:internal/modules/cjs/loader:1364:14)
    at Module.m._compile (E:\Pocket Survey\pocketSurvey_backend\node_modules\ts-node\src\index.ts:1371:23)
    at Module._extensions..js (node:internal/modules/cjs/loader:1422:10)
    at Object.require.extensions.<computed> [as .ts] (E:\Pocket Survey\pocketSurvey_backend\node_modules\ts-node\src\index.ts:1374:12)
    at Module.load (node:internal/modules/cjs/loader:1203:32)
    at Function.Module._load (node:internal/modules/cjs/loader:1019:12)
2024-06-27 05:13:32 error: uncaughtException: Cannot read properties of undefined (reading 'createTransport')
TypeError: Cannot read properties of undefined (reading 'createTransport')
    at new AuthService (E:\Pocket Survey\pocketSurvey_backend\src\services\auth.service.ts:15:35)
    at new AuthController (E:\Pocket Survey\pocketSurvey_backend\src\controllers\auth.controller.ts:6:24)
    at new AuthRoute (E:\Pocket Survey\pocketSurvey_backend\src\routes\auth.route.ts:11:27)
    at Object.<anonymous> (E:\Pocket Survey\pocketSurvey_backend\src\server.ts:11:23)
    at Module._compile (node:internal/modules/cjs/loader:1364:14)
    at Module.m._compile (E:\Pocket Survey\pocketSurvey_backend\node_modules\ts-node\src\index.ts:1371:23)
    at Module._extensions..js (node:internal/modules/cjs/loader:1422:10)
    at Object.require.extensions.<computed> [as .ts] (E:\Pocket Survey\pocketSurvey_backend\node_modules\ts-node\src\index.ts:1374:12)
    at Module.load (node:internal/modules/cjs/loader:1203:32)
    at Function.Module._load (node:internal/modules/cjs/loader:1019:12)
2024-06-27 05:13:43 error: uncaughtException: Cannot read properties of undefined (reading 'createTransport')
TypeError: Cannot read properties of undefined (reading 'createTransport')
    at new AuthService (E:\Pocket Survey\pocketSurvey_backend\src\services\auth.service.ts:15:28)
    at new AuthController (E:\Pocket Survey\pocketSurvey_backend\src\controllers\auth.controller.ts:6:24)
    at new AuthRoute (E:\Pocket Survey\pocketSurvey_backend\src\routes\auth.route.ts:11:27)
    at Object.<anonymous> (E:\Pocket Survey\pocketSurvey_backend\src\server.ts:11:23)
    at Module._compile (node:internal/modules/cjs/loader:1364:14)
    at Module.m._compile (E:\Pocket Survey\pocketSurvey_backend\node_modules\ts-node\src\index.ts:1371:23)
    at Module._extensions..js (node:internal/modules/cjs/loader:1422:10)
    at Object.require.extensions.<computed> [as .ts] (E:\Pocket Survey\pocketSurvey_backend\node_modules\ts-node\src\index.ts:1374:12)
    at Module.load (node:internal/modules/cjs/loader:1203:32)
    at Function.Module._load (node:internal/modules/cjs/loader:1019:12)
2024-06-27 05:14:55 error: uncaughtException: Cannot read properties of undefined (reading 'createTransport')
TypeError: Cannot read properties of undefined (reading 'createTransport')
    at new AuthService (E:\Pocket Survey\pocketSurvey_backend\src\services\auth.service.ts:19:35)
    at new AuthController (E:\Pocket Survey\pocketSurvey_backend\src\controllers\auth.controller.ts:6:24)
    at new AuthRoute (E:\Pocket Survey\pocketSurvey_backend\src\routes\auth.route.ts:11:27)
    at Object.<anonymous> (E:\Pocket Survey\pocketSurvey_backend\src\server.ts:11:23)
    at Module._compile (node:internal/modules/cjs/loader:1364:14)
    at Module.m._compile (E:\Pocket Survey\pocketSurvey_backend\node_modules\ts-node\src\index.ts:1371:23)
    at Module._extensions..js (node:internal/modules/cjs/loader:1422:10)
    at Object.require.extensions.<computed> [as .ts] (E:\Pocket Survey\pocketSurvey_backend\node_modules\ts-node\src\index.ts:1374:12)
    at Module.load (node:internal/modules/cjs/loader:1203:32)
    at Function.Module._load (node:internal/modules/cjs/loader:1019:12)
2024-06-27 05:15:39 error: uncaughtException: Cannot read properties of undefined (reading 'createTransport')
TypeError: Cannot read properties of undefined (reading 'createTransport')
    at new AuthService (E:\Pocket Survey\pocketSurvey_backend\src\services\auth.service.ts:19:35)
    at new AuthController (E:\Pocket Survey\pocketSurvey_backend\src\controllers\auth.controller.ts:6:24)
    at new AuthRoute (E:\Pocket Survey\pocketSurvey_backend\src\routes\auth.route.ts:11:27)
    at Object.<anonymous> (E:\Pocket Survey\pocketSurvey_backend\src\server.ts:11:23)
    at Module._compile (node:internal/modules/cjs/loader:1364:14)
    at Module.m._compile (E:\Pocket Survey\pocketSurvey_backend\node_modules\ts-node\src\index.ts:1371:23)
    at Module._extensions..js (node:internal/modules/cjs/loader:1422:10)
    at Object.require.extensions.<computed> [as .ts] (E:\Pocket Survey\pocketSurvey_backend\node_modules\ts-node\src\index.ts:1374:12)
    at Module.load (node:internal/modules/cjs/loader:1203:32)
    at Function.Module._load (node:internal/modules/cjs/loader:1019:12)
2024-06-27 05:16:51 error: uncaughtException: Cannot read properties of undefined (reading 'createTransport')
TypeError: Cannot read properties of undefined (reading 'createTransport')
    at new AuthService (E:\Pocket Survey\pocketSurvey_backend\src\services\auth.service.ts:15:36)
    at new AuthController (E:\Pocket Survey\pocketSurvey_backend\src\controllers\auth.controller.ts:6:24)
    at new AuthRoute (E:\Pocket Survey\pocketSurvey_backend\src\routes\auth.route.ts:11:27)
    at Object.<anonymous> (E:\Pocket Survey\pocketSurvey_backend\src\server.ts:11:23)
    at Module._compile (node:internal/modules/cjs/loader:1364:14)
    at Module.m._compile (E:\Pocket Survey\pocketSurvey_backend\node_modules\ts-node\src\index.ts:1371:23)
    at Module._extensions..js (node:internal/modules/cjs/loader:1422:10)
    at Object.require.extensions.<computed> [as .ts] (E:\Pocket Survey\pocketSurvey_backend\node_modules\ts-node\src\index.ts:1374:12)
    at Module.load (node:internal/modules/cjs/loader:1203:32)
    at Function.Module._load (node:internal/modules/cjs/loader:1019:12)
2024-06-27 05:18:03 error: uncaughtException: Cannot read properties of undefined (reading 'createTransport')
TypeError: Cannot read properties of undefined (reading 'createTransport')
    at new AuthService (E:\Pocket Survey\pocketSurvey_backend\src\services\auth.service.ts:15:36)
    at new AuthController (E:\Pocket Survey\pocketSurvey_backend\src\controllers\auth.controller.ts:6:24)
    at new AuthRoute (E:\Pocket Survey\pocketSurvey_backend\src\routes\auth.route.ts:11:27)
    at Object.<anonymous> (E:\Pocket Survey\pocketSurvey_backend\src\server.ts:11:23)
    at Module._compile (node:internal/modules/cjs/loader:1364:14)
    at Module.m._compile (E:\Pocket Survey\pocketSurvey_backend\node_modules\ts-node\src\index.ts:1371:23)
    at Module._extensions..js (node:internal/modules/cjs/loader:1422:10)
    at Object.require.extensions.<computed> [as .ts] (E:\Pocket Survey\pocketSurvey_backend\node_modules\ts-node\src\index.ts:1374:12)
    at Module.load (node:internal/modules/cjs/loader:1203:32)
    at Function.Module._load (node:internal/modules/cjs/loader:1019:12)
2024-06-27 05:24:44 error: [POST] /resetPassword >> StatusCode:: 500, Message:: Invalid login: 535-5.7.8 Username and Password not accepted. For more information, go to
535 5.7.8  https://support.google.com/mail/?p=BadCredentials 5b1f17b1804b1-42564b7ef96sm25582185e9.28 - gsmtp
2024-06-27 05:44:21 error: [POST] /login >> StatusCode:: 500, Message:: No repository for "UserEntity" was found. Looks like this entity is not registered in current "default" connection?
2024-06-27 05:44:49 error: [POST] /login >> StatusCode:: 409, Message:: Incorrect Password
2024-06-27 05:44:54 error: [POST] /login >> StatusCode:: 409, Message:: Incorrect Password
2024-06-27 05:44:56 error: [POST] /login >> StatusCode:: 409, Message:: Incorrect Password
2024-06-27 05:48:50 error: [POST] /resetPassword >> StatusCode:: 409, Message:: Email faizan.muslim@beyondsolutions.co not found
2024-06-27 05:49:01 error: [POST] /resetPassword >> StatusCode:: 409, Message:: Email faizan.muslim@beyondsolutions.co not found
2024-06-27 05:49:06 error: [POST] /resetPassword >> StatusCode:: 409, Message:: Email faizan.muslim@beyondsolutions.co not found
2024-06-27 05:49:22 error: [POST] /resetPassword >> StatusCode:: 409, Message:: Email faizan.muslim@beyondsolutions.co not found
2024-06-27 05:50:51 error: [POST] /login >> StatusCode:: 400, Message:: email must be an email,email should not be empty, password must be a string,password should not be empty
2024-06-27 05:55:43 error: [POST] /resetPassword >> StatusCode:: 400, Message:: Unexpected token  in JSON at position 48
2024-06-27 05:55:48 error: [POST] /resetPassword >> StatusCode:: 400, Message:: Unexpected string in JSON at position 51
2024-06-27 06:21:09 error: [POST] /login >> StatusCode:: 409, Message:: Incorrect Password
2024-06-27 08:12:42 error: uncaughtException: organizationSignup_Dto is not defined
ReferenceError: organizationSignup_Dto is not defined
    at AuthRoute.initializeRoutes (E:\Pocket Survey\pocketSurvey_backend\src\routes\auth.route.ts:19:71)
    at new AuthRoute (E:\Pocket Survey\pocketSurvey_backend\src\routes\auth.route.ts:14:10)
    at Object.<anonymous> (E:\Pocket Survey\pocketSurvey_backend\src\server.ts:11:23)
    at Module._compile (node:internal/modules/cjs/loader:1364:14)
    at Module.m._compile (E:\Pocket Survey\pocketSurvey_backend\node_modules\ts-node\src\index.ts:1371:23)
    at Module._extensions..js (node:internal/modules/cjs/loader:1422:10)
    at Object.require.extensions.<computed> [as .ts] (E:\Pocket Survey\pocketSurvey_backend\node_modules\ts-node\src\index.ts:1374:12)
    at Module.load (node:internal/modules/cjs/loader:1203:32)
    at Function.Module._load (node:internal/modules/cjs/loader:1019:12)
    at Function.executeUserEntryPoint [as runMain] (node:internal/modules/run_main:128:12)
2024-06-27 08:13:40 error: uncaughtException: organizationSignup_Dto is not defined
ReferenceError: organizationSignup_Dto is not defined
    at AuthRoute.initializeRoutes (E:\Pocket Survey\pocketSurvey_backend\src\routes\auth.route.ts:19:71)
    at new AuthRoute (E:\Pocket Survey\pocketSurvey_backend\src\routes\auth.route.ts:14:10)
    at Object.<anonymous> (E:\Pocket Survey\pocketSurvey_backend\src\server.ts:11:23)
    at Module._compile (node:internal/modules/cjs/loader:1364:14)
    at Module.m._compile (E:\Pocket Survey\pocketSurvey_backend\node_modules\ts-node\src\index.ts:1371:23)
    at Module._extensions..js (node:internal/modules/cjs/loader:1422:10)
    at Object.require.extensions.<computed> [as .ts] (E:\Pocket Survey\pocketSurvey_backend\node_modules\ts-node\src\index.ts:1374:12)
    at Module.load (node:internal/modules/cjs/loader:1203:32)
    at Function.Module._load (node:internal/modules/cjs/loader:1019:12)
    at Function.executeUserEntryPoint [as runMain] (node:internal/modules/run_main:128:12)
2024-06-27 08:33:07 error: [POST] /resetPassword >> StatusCode:: 400, Message:: name must be a string,name should not be empty, jobTitle must be a string,jobTitle should not be empty, password must be a string,password should not be empty, confirmPassword must be a string,confirmPassword should not be empty, webAddress must be a string,webAddress should not be empty
2024-06-27 08:33:20 error: [POST] /resetPassword >> StatusCode:: 400, Message:: name must be a string,name should not be empty, jobTitle must be a string,jobTitle should not be empty, password must be a string,password should not be empty, confirmPassword must be a string,confirmPassword should not be empty, webAddress must be a string,webAddress should not be empty
2024-06-27 08:33:22 error: [POST] /resetPassword >> StatusCode:: 400, Message:: name must be a string,name should not be empty, jobTitle must be a string,jobTitle should not be empty, password must be a string,password should not be empty, confirmPassword must be a string,confirmPassword should not be empty, webAddress must be a string,webAddress should not be empty
2024-06-27 08:33:22 error: [POST] /resetPassword >> StatusCode:: 400, Message:: name must be a string,name should not be empty, jobTitle must be a string,jobTitle should not be empty, password must be a string,password should not be empty, confirmPassword must be a string,confirmPassword should not be empty, webAddress must be a string,webAddress should not be empty
2024-06-27 08:33:33 error: [POST] /resetPassword >> StatusCode:: 400, Message:: name must be a string,name should not be empty, jobTitle must be a string,jobTitle should not be empty, password must be a string,password should not be empty, confirmPassword must be a string,confirmPassword should not be empty, webAddress must be a string,webAddress should not be empty
2024-06-27 08:33:41 error: [POST] /resetPassword >> StatusCode:: 400, Message:: name must be a string,name should not be empty, jobTitle must be a string,jobTitle should not be empty, password must be a string,password should not be empty, confirmPassword must be a string,confirmPassword should not be empty, webAddress must be a string,webAddress should not be empty
2024-06-27 08:35:12 error: [POST] /resetPassword >> StatusCode:: 400, Message:: email must be an email,email should not be empty
2024-06-27 08:43:19 error: uncaughtException: Cannot read properties of undefined (reading 'createTransport')
TypeError: Cannot read properties of undefined (reading 'createTransport')
    at new AuthService (E:\Pocket Survey\pocketSurvey_backend\src\services\auth.service.ts:15:29)
    at new AuthController (E:\Pocket Survey\pocketSurvey_backend\src\controllers\auth.controller.ts:6:24)
    at new AuthRoute (E:\Pocket Survey\pocketSurvey_backend\src\routes\auth.route.ts:11:27)
    at Object.<anonymous> (E:\Pocket Survey\pocketSurvey_backend\src\server.ts:11:23)
    at Module._compile (node:internal/modules/cjs/loader:1364:14)
    at Module.m._compile (E:\Pocket Survey\pocketSurvey_backend\node_modules\ts-node\src\index.ts:1371:23)
    at Module._extensions..js (node:internal/modules/cjs/loader:1422:10)
    at Object.require.extensions.<computed> [as .ts] (E:\Pocket Survey\pocketSurvey_backend\node_modules\ts-node\src\index.ts:1374:12)
    at Module.load (node:internal/modules/cjs/loader:1203:32)
    at Function.Module._load (node:internal/modules/cjs/loader:1019:12)
2024-06-27 08:44:22 error: [POST] /organizationSignup >> StatusCode:: 400, Message:: email must be an email,email should not be empty, name must be a string,name should not be empty, jobTitle must be a string,jobTitle should not be empty, password must be a string,password should not be empty, confirmPassword must be a string,confirmPassword should not be empty, webAddress must be a string,webAddress should not be empty
2024-06-27 08:51:21 error: [POST] /organizationSignup >> StatusCode:: 400, Message:: email must be an email,email should not be empty, name should not be empty, jobTitle should not be empty, password should not be empty, confirmPassword should not be empty, webAddress should not be empty
2024-06-27 08:52:10 error: [POST] /organizationSignup >> StatusCode:: 400, Message:: email must be an email,email should not be empty, name should not be empty, jobTitle should not be empty, password should not be empty, confirmPassword should not be empty, webAddress should not be empty
