2024-07-05 01:37:57 error: [POST] /login >> StatusCode:: 409, Message:: Email bajwab4u@gmail.com not found
2024-07-05 01:48:27 error: [POST] /login >> StatusCode:: 409, Message:: {"status":{"result":"Failure","message":"Email bajwab4u@gmail.com not found","tokenExpired":false},"data":{},"pagination":{}}
2024-07-05 01:48:46 error: [POST] /login >> StatusCode:: 409, Message:: {"status":{"result":"Failure","message":"Email bajwab4u@gmail.com not found","tokenExpired":false},"data":{},"pagination":{}}
2024-07-05 01:58:57 error: [POST] /login >> StatusCode:: 500, Message:: Cannot set properties of undefined (setting 'message')
2024-07-05 01:59:03 error: [POST] /login >> StatusCode:: 500, Message:: Cannot set properties of undefined (setting 'message')
2024-07-05 02:00:27 error: [POST] /login >> StatusCode:: 500, Message:: Cannot set properties of undefined (setting 'message')
2024-07-05 02:00:29 error: [POST] /login >> StatusCode:: 500, Message:: Cannot set properties of undefined (setting 'message')
2024-07-05 02:02:16 error: [POST] /login >> StatusCode:: 500, Message:: Cannot set properties of undefined (setting 'result')
2024-07-05 02:03:15 error: [POST] /login >> StatusCode:: 409, Message:: {"status":{"result":"Failure","message":"Email bajwab4u@gmail.com not found","tokenExpired":false},"data":{},"pagination":{}}
2024-07-05 02:03:20 error: [POST] /login >> StatusCode:: 409, Message:: {"status":{"result":"Failure","message":"Email bajwab4u@gmail.com not found","tokenExpired":false},"data":{},"pagination":{}}
2024-07-05 02:04:32 error: [POST] /login >> StatusCode:: 409, Message:: Email bajwab4u@gmail.com not found
2024-07-05 02:04:34 error: [POST] /login >> StatusCode:: 409, Message:: Email bajwab4u@gmail.com not found
2024-07-05 02:04:45 error: [POST] /login >> StatusCode:: 409, Message:: Email bajwab4u@gmail.com not found
2024-07-05 02:05:04 error: [POST] /login >> StatusCode:: 409, Message:: Email bajwab4u@gmail.com not found
2024-07-05 02:05:06 error: [POST] /login >> StatusCode:: 409, Message:: Email bajwab4u@gmail.com not found
2024-07-05 02:06:38 error: [POST] /login >> StatusCode:: 500, Message:: Email bajwab4u@gmail.com not found
2024-07-05 02:06:39 error: [POST] /login >> StatusCode:: 500, Message:: Email bajwab4u@gmail.com not found
2024-07-05 02:06:49 error: [POST] /login >> StatusCode:: 409, Message:: Email bajwab4u@gmail.com not found
2024-07-05 02:18:27 error: [POST] /login >> StatusCode:: 409, Message:: Email bajwab4u@gmail.com not found
2024-07-05 02:18:30 error: [POST] /login >> StatusCode:: 409, Message:: Email bajwab4u@gmail.com not found
2024-07-05 02:18:59 error: [POST] /login >> StatusCode:: 409, Message:: Something went wrong
2024-07-05 02:21:55 error: [POST] /login >> StatusCode:: 409, Message:: Email bajwab4u@gmail.com not found
2024-07-05 02:21:58 error: [POST] /login >> StatusCode:: 409, Message:: Email bajwab4u@gmail.com not found
2024-07-05 02:23:11 error: [POST] /login >> StatusCode:: 409, Message:: Email bajwab4u@gmail.com not found
2024-07-05 02:23:12 error: [POST] /login >> StatusCode:: 409, Message:: Email bajwab4u@gmail.com not found
2024-07-05 02:23:14 error: [POST] /login >> StatusCode:: 409, Message:: Email bajwab4u@gmail.com not found
2024-07-05 02:23:30 error: [POST] /login >> StatusCode:: 409, Message:: Email bajwab4u@gmail.com snot found
2024-07-05 02:25:39 error: [POST] /login >> StatusCode:: 400, Message:: Not Valid User Data
2024-07-05 02:25:41 error: [POST] /login >> StatusCode:: 400, Message:: Not Valid User Data
2024-07-05 02:36:02 error: [POST] /login >> StatusCode:: 409, Message:: Incorrect Password
2024-07-05 02:50:32 error: [POST] /login >> StatusCode:: 409, Message:: Incorrect Password
2024-07-05 02:50:41 error: [POST] /login >> StatusCode:: 409, Message:: Email bajwabs4u@gmail.com not found
2024-07-05 03:00:20 error: [POST] /login >> StatusCode:: 409, Message:: Email bajwabs4u@gmail.com not found
2024-07-05 03:00:22 error: [POST] /login >> StatusCode:: 409, Message:: Email bajwabs4u@gmail.com not found
2024-07-05 03:01:03 error: [POST] /login >> StatusCode:: 500, Message:: Cannot read properties of undefined (reading 'password')
2024-07-05 03:01:06 error: [POST] /login >> StatusCode:: 500, Message:: Cannot read properties of undefined (reading 'password')
2024-07-05 03:01:48 error: [POST] /login >> StatusCode:: 500, Message:: No repository for "UserEntity" was found. Looks like this entity is not registered in current "default" connection?
2024-07-05 03:02:09 error: [POST] /login >> StatusCode:: 500, Message:: No repository for "UserEntity" was found. Looks like this entity is not registered in current "default" connection?
2024-07-05 03:02:36 error: [POST] /login >> StatusCode:: 409, Message:: Email bajwabs4u@gmail.com not found
2024-07-05 03:03:32 error: [POST] /login >> StatusCode:: 409, Message:: Email bajwabs4u@gmail.com not found
2024-07-05 03:03:33 error: [POST] /login >> StatusCode:: 409, Message:: Email bajwabs4u@gmail.com not found
2024-07-05 03:14:21 error: [POST] /login >> StatusCode:: 500, Message:: Email bajwabs4u@gmail.com not found.
2024-07-05 03:16:36 error: [POST] /login >> StatusCode:: 500, Message:: Incorrect Email or Password.
2024-07-05 03:17:42 error: [POST] /login >> StatusCode:: 500, Message:: Email bajwab4u@gmail.coma not found.
2024-07-05 03:18:30 error: [POST] /login >> StatusCode:: 500, Message:: Email bajwab4u@gmail.coma not found.
2024-07-05 03:28:31 error: [POST] /verifyOtp >> StatusCode:: 409, Message:: Incorrect OTP
2024-07-05 03:54:37 error: [POST] /organizationSignup >> StatusCode:: 400, Message:: email must be an email,email should not be empty, name should not be empty, jobTitle should not be empty, password should not be empty, confirmPassword should not be empty, webAddress should not be empty
2024-07-05 04:03:45 error: uncaughtException: Route.post() requires a callback function but got a [object Undefined]
Error: Route.post() requires a callback function but got a [object Undefined]
    at Route.<computed> [as post] (D:\Pocket Survey\pocketSurvey_backend\node_modules\express\lib\router\route.js:216:15)
    at Function.proto.<computed> [as post] (D:\Pocket Survey\pocketSurvey_backend\node_modules\express\lib\router\index.js:521:19)
    at AuthRoute.initializeRoutes (D:\Pocket Survey\pocketSurvey_backend\src\routes\auth.route.ts:23:17)
    at new AuthRoute (D:\Pocket Survey\pocketSurvey_backend\src\routes\auth.route.ts:15:10)
    at Object.<anonymous> (D:\Pocket Survey\pocketSurvey_backend\src\server.ts:12:23)
    at Module._compile (node:internal/modules/cjs/loader:1105:14)
    at Module.m._compile (D:\Pocket Survey\pocketSurvey_backend\node_modules\ts-node\src\index.ts:1371:23)
    at Module._extensions..js (node:internal/modules/cjs/loader:1159:10)
    at Object.require.extensions.<computed> [as .ts] (D:\Pocket Survey\pocketSurvey_backend\node_modules\ts-node\src\index.ts:1374:12)
    at Module.load (node:internal/modules/cjs/loader:981:32)
2024-07-05 04:04:16 error: uncaughtException: Route.post() requires a callback function but got a [object Undefined]
Error: Route.post() requires a callback function but got a [object Undefined]
    at Route.<computed> [as post] (D:\Pocket Survey\pocketSurvey_backend\node_modules\express\lib\router\route.js:216:15)
    at Function.proto.<computed> [as post] (D:\Pocket Survey\pocketSurvey_backend\node_modules\express\lib\router\index.js:521:19)
    at AuthRoute.initializeRoutes (D:\Pocket Survey\pocketSurvey_backend\src\routes\auth.route.ts:23:17)
    at new AuthRoute (D:\Pocket Survey\pocketSurvey_backend\src\routes\auth.route.ts:15:10)
    at Object.<anonymous> (D:\Pocket Survey\pocketSurvey_backend\src\server.ts:12:23)
    at Module._compile (node:internal/modules/cjs/loader:1105:14)
    at Module.m._compile (D:\Pocket Survey\pocketSurvey_backend\node_modules\ts-node\src\index.ts:1371:23)
    at Module._extensions..js (node:internal/modules/cjs/loader:1159:10)
    at Object.require.extensions.<computed> [as .ts] (D:\Pocket Survey\pocketSurvey_backend\node_modules\ts-node\src\index.ts:1374:12)
    at Module.load (node:internal/modules/cjs/loader:981:32)
2024-07-05 04:04:30 error: uncaughtException: Route.post() requires a callback function but got a [object Undefined]
Error: Route.post() requires a callback function but got a [object Undefined]
    at Route.<computed> [as post] (D:\Pocket Survey\pocketSurvey_backend\node_modules\express\lib\router\route.js:216:15)
    at Function.proto.<computed> [as post] (D:\Pocket Survey\pocketSurvey_backend\node_modules\express\lib\router\index.js:521:19)
    at AuthRoute.initializeRoutes (D:\Pocket Survey\pocketSurvey_backend\src\routes\auth.route.ts:23:17)
    at new AuthRoute (D:\Pocket Survey\pocketSurvey_backend\src\routes\auth.route.ts:15:10)
    at Object.<anonymous> (D:\Pocket Survey\pocketSurvey_backend\src\server.ts:12:23)
    at Module._compile (node:internal/modules/cjs/loader:1105:14)
    at Module.m._compile (D:\Pocket Survey\pocketSurvey_backend\node_modules\ts-node\src\index.ts:1371:23)
    at Module._extensions..js (node:internal/modules/cjs/loader:1159:10)
    at Object.require.extensions.<computed> [as .ts] (D:\Pocket Survey\pocketSurvey_backend\node_modules\ts-node\src\index.ts:1374:12)
    at Module.load (node:internal/modules/cjs/loader:981:32)
2024-07-05 04:05:07 error: uncaughtException: Route.post() requires a callback function but got a [object Undefined]
Error: Route.post() requires a callback function but got a [object Undefined]
    at Route.<computed> [as post] (D:\Pocket Survey\pocketSurvey_backend\node_modules\express\lib\router\route.js:216:15)
    at Function.proto.<computed> [as post] (D:\Pocket Survey\pocketSurvey_backend\node_modules\express\lib\router\index.js:521:19)
    at AuthRoute.initializeRoutes (D:\Pocket Survey\pocketSurvey_backend\src\routes\auth.route.ts:23:17)
    at new AuthRoute (D:\Pocket Survey\pocketSurvey_backend\src\routes\auth.route.ts:15:10)
    at Object.<anonymous> (D:\Pocket Survey\pocketSurvey_backend\src\server.ts:12:23)
    at Module._compile (node:internal/modules/cjs/loader:1105:14)
    at Module.m._compile (D:\Pocket Survey\pocketSurvey_backend\node_modules\ts-node\src\index.ts:1371:23)
    at Module._extensions..js (node:internal/modules/cjs/loader:1159:10)
    at Object.require.extensions.<computed> [as .ts] (D:\Pocket Survey\pocketSurvey_backend\node_modules\ts-node\src\index.ts:1374:12)
    at Module.load (node:internal/modules/cjs/loader:981:32)
2024-07-05 04:05:11 error: uncaughtException: resetPassword_Dto is not defined
ReferenceError: resetPassword_Dto is not defined
    at AuthRoute.initializeRoutes (D:\Pocket Survey\pocketSurvey_backend\src\routes\auth.route.ts:47:28)
    at new AuthRoute (D:\Pocket Survey\pocketSurvey_backend\src\routes\auth.route.ts:21:10)
    at Object.<anonymous> (D:\Pocket Survey\pocketSurvey_backend\src\server.ts:12:23)
    at Module._compile (node:internal/modules/cjs/loader:1105:14)
    at Module.m._compile (D:\Pocket Survey\pocketSurvey_backend\node_modules\ts-node\src\index.ts:1371:23)
    at Module._extensions..js (node:internal/modules/cjs/loader:1159:10)
    at Object.require.extensions.<computed> [as .ts] (D:\Pocket Survey\pocketSurvey_backend\node_modules\ts-node\src\index.ts:1374:12)
    at Module.load (node:internal/modules/cjs/loader:981:32)
    at Function.Module._load (node:internal/modules/cjs/loader:822:12)
    at Function.executeUserEntryPoint [as runMain] (node:internal/modules/run_main:77:12)
2024-07-05 04:05:23 error: uncaughtException: resetPassword_Dto is not defined
ReferenceError: resetPassword_Dto is not defined
    at AuthRoute.initializeRoutes (D:\Pocket Survey\pocketSurvey_backend\src\routes\auth.route.ts:47:28)
    at new AuthRoute (D:\Pocket Survey\pocketSurvey_backend\src\routes\auth.route.ts:21:10)
    at Object.<anonymous> (D:\Pocket Survey\pocketSurvey_backend\src\server.ts:12:23)
    at Module._compile (node:internal/modules/cjs/loader:1105:14)
    at Module.m._compile (D:\Pocket Survey\pocketSurvey_backend\node_modules\ts-node\src\index.ts:1371:23)
    at Module._extensions..js (node:internal/modules/cjs/loader:1159:10)
    at Object.require.extensions.<computed> [as .ts] (D:\Pocket Survey\pocketSurvey_backend\node_modules\ts-node\src\index.ts:1374:12)
    at Module.load (node:internal/modules/cjs/loader:981:32)
    at Function.Module._load (node:internal/modules/cjs/loader:822:12)
    at Function.executeUserEntryPoint [as runMain] (node:internal/modules/run_main:77:12)
2024-07-05 04:05:35 error: uncaughtException: resetPassword_Dto is not defined
ReferenceError: resetPassword_Dto is not defined
    at AuthRoute.initializeRoutes (D:\Pocket Survey\pocketSurvey_backend\src\routes\auth.route.ts:47:28)
    at new AuthRoute (D:\Pocket Survey\pocketSurvey_backend\src\routes\auth.route.ts:21:10)
    at Object.<anonymous> (D:\Pocket Survey\pocketSurvey_backend\src\server.ts:12:23)
    at Module._compile (node:internal/modules/cjs/loader:1105:14)
    at Module.m._compile (D:\Pocket Survey\pocketSurvey_backend\node_modules\ts-node\src\index.ts:1371:23)
    at Module._extensions..js (node:internal/modules/cjs/loader:1159:10)
    at Object.require.extensions.<computed> [as .ts] (D:\Pocket Survey\pocketSurvey_backend\node_modules\ts-node\src\index.ts:1374:12)
    at Module.load (node:internal/modules/cjs/loader:981:32)
    at Function.Module._load (node:internal/modules/cjs/loader:822:12)
    at Function.executeUserEntryPoint [as runMain] (node:internal/modules/run_main:77:12)
2024-07-05 04:15:16 error: [POST] /login >> StatusCode:: 500, Message:: Email bajwab4u@gmail.coma not found.
2024-07-05 04:16:32 error: [POST] /login >> StatusCode:: 500, Message:: Incorrect Email or Password.
2024-07-05 04:16:46 error: [POST] /login >> StatusCode:: 500, Message:: Email bajwab4u@gmail.comi not found.
2024-07-05 04:16:56 error: [POST] /login >> StatusCode:: 500, Message:: Incorrect Email or Password.
2024-07-05 04:17:09 error: [POST] /verifyOtp >> StatusCode:: 500, Message:: Incorrect Otp.
2024-07-05 04:17:41 error: [POST] /verifyOtp >> StatusCode:: 500, Message:: Incorrect Otp.
2024-07-05 04:19:55 error: [POST] /resendOtp >> StatusCode:: 500, Message:: Email bajwab4u@gmail.comj not found.
2024-07-05 04:20:41 error: uncaughtException: Invalid status code: undefined
RangeError [ERR_HTTP_INVALID_STATUS_CODE]: Invalid status code: undefined
    at new NodeError (node:internal/errors:372:5)
    at ServerResponse.writeHead (node:_http_server:275:11)
    at ServerResponse.writeHead (D:\Pocket Survey\pocketSurvey_backend\node_modules\on-headers\index.js:44:26)
    at ServerResponse.writeHead (D:\Pocket Survey\pocketSurvey_backend\node_modules\on-headers\index.js:44:26)
    at ServerResponse._implicitHeader (node:_http_server:266:8)
    at ServerResponse.end (D:\Pocket Survey\pocketSurvey_backend\node_modules\compression\index.js:103:14)
    at ServerResponse.send (D:\Pocket Survey\pocketSurvey_backend\node_modules\express\lib\response.js:233:10)
    at ServerResponse.json (D:\Pocket Survey\pocketSurvey_backend\node_modules\express\lib\response.js:279:15)
    at AuthController.<anonymous> (D:\Pocket Survey\pocketSurvey_backend\src\controllers\auth.controller.ts:213:30)
    at step (D:\Pocket Survey\pocketSurvey_backend\src\controllers\auth.controller.ts:33:23)
2024-07-05 04:25:08 error: [POST] /resetPassword >> StatusCode:: 500, Message:: Email bajwab4u@gmail.comi not found.
2024-07-05 04:25:48 error: [POST] /signout >> StatusCode:: 401, Message:: Wrong Jwt authentication token
2024-07-05 04:26:10 error: [POST] /organizationSignup >> StatusCode:: 400, Message:: email must be an email,email should not be empty, name should not be empty, jobTitle should not be empty, password should not be empty, confirmPassword should not be empty, webAddress should not be empty
2024-07-05 04:26:37 error: [POST] /organizationSignup >> StatusCode:: 400, Message:: Passwords do not match
2024-07-05 04:29:30 error: [POST] /organizationSignup >> StatusCode:: 400, Message:: Passwords do not match,confirmPassword should not be empty
2024-07-05 04:29:44 error: [POST] /organizationSignup >> StatusCode:: 400, Message:: Passwords do not match
2024-07-05 04:30:57 error: uncaughtException: Invalid status code: undefined
RangeError [ERR_HTTP_INVALID_STATUS_CODE]: Invalid status code: undefined
    at new NodeError (node:internal/errors:372:5)
    at ServerResponse.writeHead (node:_http_server:275:11)
    at ServerResponse.writeHead (D:\Pocket Survey\pocketSurvey_backend\node_modules\on-headers\index.js:44:26)
    at ServerResponse.writeHead (D:\Pocket Survey\pocketSurvey_backend\node_modules\on-headers\index.js:44:26)
    at ServerResponse._implicitHeader (node:_http_server:266:8)
    at ServerResponse.end (D:\Pocket Survey\pocketSurvey_backend\node_modules\compression\index.js:103:14)
    at ServerResponse.send (D:\Pocket Survey\pocketSurvey_backend\node_modules\express\lib\response.js:233:10)
    at ServerResponse.json (D:\Pocket Survey\pocketSurvey_backend\node_modules\express\lib\response.js:279:15)
    at AuthController.<anonymous> (D:\Pocket Survey\pocketSurvey_backend\src\controllers\auth.controller.ts:173:30)
    at step (D:\Pocket Survey\pocketSurvey_backend\src\controllers\auth.controller.ts:33:23)
2024-07-05 04:31:19 error: uncaughtException: Invalid status code: undefined
RangeError [ERR_HTTP_INVALID_STATUS_CODE]: Invalid status code: undefined
    at new NodeError (node:internal/errors:372:5)
    at ServerResponse.writeHead (node:_http_server:275:11)
    at ServerResponse.writeHead (D:\Pocket Survey\pocketSurvey_backend\node_modules\on-headers\index.js:44:26)
    at ServerResponse.writeHead (D:\Pocket Survey\pocketSurvey_backend\node_modules\on-headers\index.js:44:26)
    at ServerResponse._implicitHeader (node:_http_server:266:8)
    at ServerResponse.end (D:\Pocket Survey\pocketSurvey_backend\node_modules\compression\index.js:103:14)
    at ServerResponse.send (D:\Pocket Survey\pocketSurvey_backend\node_modules\express\lib\response.js:233:10)
    at ServerResponse.json (D:\Pocket Survey\pocketSurvey_backend\node_modules\express\lib\response.js:279:15)
    at AuthController.<anonymous> (D:\Pocket Survey\pocketSurvey_backend\src\controllers\auth.controller.ts:173:30)
    at step (D:\Pocket Survey\pocketSurvey_backend\src\controllers\auth.controller.ts:33:23)
2024-07-05 04:31:47 error: uncaughtException: Invalid status code: undefined
RangeError [ERR_HTTP_INVALID_STATUS_CODE]: Invalid status code: undefined
    at new NodeError (node:internal/errors:372:5)
    at ServerResponse.writeHead (node:_http_server:275:11)
    at ServerResponse.writeHead (D:\Pocket Survey\pocketSurvey_backend\node_modules\on-headers\index.js:44:26)
    at ServerResponse.writeHead (D:\Pocket Survey\pocketSurvey_backend\node_modules\on-headers\index.js:44:26)
    at ServerResponse._implicitHeader (node:_http_server:266:8)
    at ServerResponse.end (D:\Pocket Survey\pocketSurvey_backend\node_modules\compression\index.js:103:14)
    at ServerResponse.send (D:\Pocket Survey\pocketSurvey_backend\node_modules\express\lib\response.js:233:10)
    at ServerResponse.json (D:\Pocket Survey\pocketSurvey_backend\node_modules\express\lib\response.js:279:15)
    at AuthController.<anonymous> (D:\Pocket Survey\pocketSurvey_backend\src\controllers\auth.controller.ts:173:30)
    at step (D:\Pocket Survey\pocketSurvey_backend\src\controllers\auth.controller.ts:33:23)
2024-07-05 04:32:51 error: uncaughtException: тип Unable to compile TypeScript:
[96msrc/services/auth.service.ts[0m:[93m132[0m:[93m19[0m - [91merror[0m[90m TS1005: [0m'>' expected.

[7m132[0m   ): Promise<email:string> {
[7m   [0m [91m                  ~[0m
[96msrc/services/auth.service.ts[0m:[93m132[0m:[93m20[0m - [91merror[0m[90m TS1068: [0mUnexpected token. A constructor, method, accessor, or property was expected.

[7m132[0m   ): Promise<email:string> {
[7m   [0m [91m                   ~~~~~~[0m
[96msrc/services/auth.service.ts[0m:[93m133[0m:[93m16[0m - [91merror[0m[90m TS1005: [0m',' expected.

[7m133[0m     if (isEmpty(requestData)) {
[7m   [0m [91m               ~[0m

  [96msrc/services/auth.service.ts[0m:[93m132[0m:[93m28[0m
    [7m132[0m   ): Promise<email:string> {
    [7m   [0m [96m                           ~[0m
    The parser expected to find a '}' to match the '{' token here.
[96msrc/services/auth.service.ts[0m:[93m133[0m:[93m29[0m - [91merror[0m[90m TS1005: [0m';' expected.

[7m133[0m     if (isEmpty(requestData)) {
[7m   [0m [91m                            ~[0m
[96msrc/services/auth.service.ts[0m:[93m143[0m:[93m3[0m - [91merror[0m[90m TS1128: [0mDeclaration or statement expected.

[7m143[0m   }
[7m   [0m [91m  ~[0m
[96msrc/services/auth.service.ts[0m:[93m145[0m:[93m3[0m - [91merror[0m[90m TS1128: [0mDeclaration or statement expected.

[7m145[0m   public async signout(userId: any): Promise<{ email: string }> {
[7m   [0m [91m  ~~~~~~[0m
[96msrc/services/auth.service.ts[0m:[93m145[0m:[93m10[0m - [91merror[0m[90m TS1434: [0mUnexpected keyword or identifier.

[7m145[0m   public async signout(userId: any): Promise<{ email: string }> {
[7m   [0m [91m         ~~~~~[0m
[96msrc/services/auth.service.ts[0m:[93m145[0m:[93m30[0m - [91merror[0m[90m TS1005: [0m',' expected.

[7m145[0m   public async signout(userId: any): Promise<{ email: string }> {
[7m   [0m [91m                             ~[0m
[96msrc/services/auth.service.ts[0m:[93m145[0m:[93m36[0m - [91merror[0m[90m TS1005: [0m';' expected.

[7m145[0m   public async signout(userId: any): Promise<{ email: string }> {
[7m   [0m [91m                                   ~[0m
[96msrc/services/auth.service.ts[0m:[93m146[0m:[93m16[0m - [91merror[0m[90m TS1005: [0m',' expected.

[7m146[0m     if (isEmpty(userId)) {
[7m   [0m [91m               ~[0m

  [96msrc/services/auth.service.ts[0m:[93m145[0m:[93m65[0m
    [7m145[0m   public async signout(userId: any): Promise<{ email: string }> {
    [7m   [0m [96m                                                                ~[0m
    The parser expected to find a '}' to match the '{' token here.
[96msrc/services/auth.service.ts[0m:[93m146[0m:[93m24[0m - [91merror[0m[90m TS1005: [0m';' expected.

[7m146[0m     if (isEmpty(userId)) {
[7m   [0m [91m                       ~[0m
[96msrc/services/auth.service.ts[0m:[93m165[0m:[93m3[0m - [91merror[0m[90m TS1128: [0mDeclaration or statement expected.

[7m165[0m   }
[7m   [0m [91m  ~[0m
[96msrc/services/auth.service.ts[0m:[93m167[0m:[93m3[0m - [91merror[0m[90m TS1128: [0mDeclaration or statement expected.

[7m167[0m   public async sendResetPasswordLink(
[7m   [0m [91m  ~~~~~~[0m
[96msrc/services/auth.service.ts[0m:[93m167[0m:[93m10[0m - [91merror[0m[90m TS1434: [0mUnexpected keyword or identifier.

[7m167[0m   public async sendResetPasswordLink(
[7m   [0m [91m         ~~~~~[0m
[96msrc/services/auth.service.ts[0m:[93m168[0m:[93m16[0m - [91merror[0m[90m TS1005: [0m',' expected.

[7m168[0m     requestData: resetPassword_Dto
[7m   [0m [91m               ~[0m
[96msrc/services/auth.service.ts[0m:[93m169[0m:[93m4[0m - [91merror[0m[90m TS1005: [0m';' expected.

[7m169[0m   ): Promise<{ email: string }> {
[7m   [0m [91m   ~[0m
[96msrc/services/auth.service.ts[0m:[93m170[0m:[93m16[0m - [91merror[0m[90m TS1005: [0m',' expected.

[7m170[0m     if (isEmpty(requestData)) {
[7m   [0m [91m               ~[0m

  [96msrc/services/auth.service.ts[0m:[93m169[0m:[93m33[0m
    [7m169[0m   ): Promise<{ email: string }> {
    [7m   [0m [96m                                ~[0m
    The parser expected to find a '}' to match the '{' token here.
[96msrc/services/auth.service.ts[0m:[93m170[0m:[93m29[0m - [91merror[0m[90m TS1005: [0m';' expected.

[7m170[0m     if (isEmpty(requestData)) {
[7m   [0m [91m                            ~[0m
[96msrc/services/auth.service.ts[0m:[93m194[0m:[93m3[0m - [91merror[0m[90m TS1128: [0mDeclaration or statement expected.

[7m194[0m   }
[7m   [0m [91m  ~[0m
[96msrc/services/auth.service.ts[0m:[93m196[0m:[93m3[0m - [91merror[0m[90m TS1128: [0mDeclaration or statement expected.

[7m196[0m   public createToken(user: User): TokenData {
[7m   [0m [91m  ~~~~~~[0m
[96msrc/services/auth.service.ts[0m:[93m196[0m:[93m26[0m - [91merror[0m[90m TS1005: [0m',' expected.

[7m196[0m   public createToken(user: User): TokenData {
[7m   [0m [91m                         ~[0m
[96msrc/services/auth.service.ts[0m:[93m196[0m:[93m33[0m - [91merror[0m[90m TS1005: [0m';' expected.

[7m196[0m   public createToken(user: User): TokenData {
[7m   [0m [91m                                ~[0m
[96msrc/services/auth.service.ts[0m:[93m196[0m:[93m35[0m - [91merror[0m[90m TS1434: [0mUnexpected keyword or identifier.

[7m196[0m   public createToken(user: User): TokenData {
[7m   [0m [91m                                  ~~~~~~~~~[0m
[96msrc/services/auth.service.ts[0m:[93m207[0m:[93m3[0m - [91merror[0m[90m TS1128: [0mDeclaration or statement expected.

[7m207[0m   public generateRandomOtp() {
[7m   [0m [91m  ~~~~~~[0m
[96msrc/services/auth.service.ts[0m:[93m207[0m:[93m30[0m - [91merror[0m[90m TS1005: [0m';' expected.

[7m207[0m   public generateRandomOtp() {
[7m   [0m [91m                             ~[0m
[96msrc/services/auth.service.ts[0m:[93m212[0m:[93m3[0m - [91merror[0m[90m TS1128: [0mDeclaration or statement expected.

[7m212[0m   public createCookie(tokenData: TokenData): string {
[7m   [0m [91m  ~~~~~~[0m
[96msrc/services/auth.service.ts[0m:[93m212[0m:[93m32[0m - [91merror[0m[90m TS1005: [0m',' expected.

[7m212[0m   public createCookie(tokenData: TokenData): string {
[7m   [0m [91m                               ~[0m
[96msrc/services/auth.service.ts[0m:[93m212[0m:[93m44[0m - [91merror[0m[90m TS1005: [0m';' expected.

[7m212[0m   public createCookie(tokenData: TokenData): string {
[7m   [0m [91m                                           ~[0m
[96msrc/services/auth.service.ts[0m:[93m212[0m:[93m46[0m - [91merror[0m[90m TS1434: [0mUnexpected keyword or identifier.

[7m212[0m   public createCookie(tokenData: TokenData): string {
[7m   [0m [91m                                             ~~~~~~[0m
[96msrc/services/auth.service.ts[0m:[93m215[0m:[93m1[0m - [91merror[0m[90m TS1128: [0mDeclaration or statement expected.

[7m215[0m }
[7m   [0m [91m~[0m

TSError: тип Unable to compile TypeScript:
[96msrc/services/auth.service.ts[0m:[93m132[0m:[93m19[0m - [91merror[0m[90m TS1005: [0m'>' expected.

[7m132[0m   ): Promise<email:string> {
[7m   [0m [91m                  ~[0m
[96msrc/services/auth.service.ts[0m:[93m132[0m:[93m20[0m - [91merror[0m[90m TS1068: [0mUnexpected token. A constructor, method, accessor, or property was expected.

[7m132[0m   ): Promise<email:string> {
[7m   [0m [91m                   ~~~~~~[0m
[96msrc/services/auth.service.ts[0m:[93m133[0m:[93m16[0m - [91merror[0m[90m TS1005: [0m',' expected.

[7m133[0m     if (isEmpty(requestData)) {
[7m   [0m [91m               ~[0m

  [96msrc/services/auth.service.ts[0m:[93m132[0m:[93m28[0m
    [7m132[0m   ): Promise<email:string> {
    [7m   [0m [96m                           ~[0m
    The parser expected to find a '}' to match the '{' token here.
[96msrc/services/auth.service.ts[0m:[93m133[0m:[93m29[0m - [91merror[0m[90m TS1005: [0m';' expected.

[7m133[0m     if (isEmpty(requestData)) {
[7m   [0m [91m                            ~[0m
[96msrc/services/auth.service.ts[0m:[93m143[0m:[93m3[0m - [91merror[0m[90m TS1128: [0mDeclaration or statement expected.

[7m143[0m   }
[7m   [0m [91m  ~[0m
[96msrc/services/auth.service.ts[0m:[93m145[0m:[93m3[0m - [91merror[0m[90m TS1128: [0mDeclaration or statement expected.

[7m145[0m   public async signout(userId: any): Promise<{ email: string }> {
[7m   [0m [91m  ~~~~~~[0m
[96msrc/services/auth.service.ts[0m:[93m145[0m:[93m10[0m - [91merror[0m[90m TS1434: [0mUnexpected keyword or identifier.

[7m145[0m   public async signout(userId: any): Promise<{ email: string }> {
[7m   [0m [91m         ~~~~~[0m
[96msrc/services/auth.service.ts[0m:[93m145[0m:[93m30[0m - [91merror[0m[90m TS1005: [0m',' expected.

[7m145[0m   public async signout(userId: any): Promise<{ email: string }> {
[7m   [0m [91m                             ~[0m
[96msrc/services/auth.service.ts[0m:[93m145[0m:[93m36[0m - [91merror[0m[90m TS1005: [0m';' expected.

[7m145[0m   public async signout(userId: any): Promise<{ email: string }> {
[7m   [0m [91m                                   ~[0m
[96msrc/services/auth.service.ts[0m:[93m146[0m:[93m16[0m - [91merror[0m[90m TS1005: [0m',' expected.

[7m146[0m     if (isEmpty(userId)) {
[7m   [0m [91m               ~[0m

  [96msrc/services/auth.service.ts[0m:[93m145[0m:[93m65[0m
    [7m145[0m   public async signout(userId: any): Promise<{ email: string }> {
    [7m   [0m [96m                                                                ~[0m
    The parser expected to find a '}' to match the '{' token here.
[96msrc/services/auth.service.ts[0m:[93m146[0m:[93m24[0m - [91merror[0m[90m TS1005: [0m';' expected.

[7m146[0m     if (isEmpty(userId)) {
[7m   [0m [91m                       ~[0m
[96msrc/services/auth.service.ts[0m:[93m165[0m:[93m3[0m - [91merror[0m[90m TS1128: [0mDeclaration or statement expected.

[7m165[0m   }
[7m   [0m [91m  ~[0m
[96msrc/services/auth.service.ts[0m:[93m167[0m:[93m3[0m - [91merror[0m[90m TS1128: [0mDeclaration or statement expected.

[7m167[0m   public async sendResetPasswordLink(
[7m   [0m [91m  ~~~~~~[0m
[96msrc/services/auth.service.ts[0m:[93m167[0m:[93m10[0m - [91merror[0m[90m TS1434: [0mUnexpected keyword or identifier.

[7m167[0m   public async sendResetPasswordLink(
[7m   [0m [91m         ~~~~~[0m
[96msrc/services/auth.service.ts[0m:[93m168[0m:[93m16[0m - [91merror[0m[90m TS1005: [0m',' expected.

[7m168[0m     requestData: resetPassword_Dto
[7m   [0m [91m               ~[0m
[96msrc/services/auth.service.ts[0m:[93m169[0m:[93m4[0m - [91merror[0m[90m TS1005: [0m';' expected.

[7m169[0m   ): Promise<{ email: string }> {
[7m   [0m [91m   ~[0m
[96msrc/services/auth.service.ts[0m:[93m170[0m:[93m16[0m - [91merror[0m[90m TS1005: [0m',' expected.

[7m170[0m     if (isEmpty(requestData)) {
[7m   [0m [91m               ~[0m

  [96msrc/services/auth.service.ts[0m:[93m169[0m:[93m33[0m
    [7m169[0m   ): Promise<{ email: string }> {
    [7m   [0m [96m                                ~[0m
    The parser expected to find a '}' to match the '{' token here.
[96msrc/services/auth.service.ts[0m:[93m170[0m:[93m29[0m - [91merror[0m[90m TS1005: [0m';' expected.

[7m170[0m     if (isEmpty(requestData)) {
[7m   [0m [91m                            ~[0m
[96msrc/services/auth.service.ts[0m:[93m194[0m:[93m3[0m - [91merror[0m[90m TS1128: [0mDeclaration or statement expected.

[7m194[0m   }
[7m   [0m [91m  ~[0m
[96msrc/services/auth.service.ts[0m:[93m196[0m:[93m3[0m - [91merror[0m[90m TS1128: [0mDeclaration or statement expected.

[7m196[0m   public createToken(user: User): TokenData {
[7m   [0m [91m  ~~~~~~[0m
[96msrc/services/auth.service.ts[0m:[93m196[0m:[93m26[0m - [91merror[0m[90m TS1005: [0m',' expected.

[7m196[0m   public createToken(user: User): TokenData {
[7m   [0m [91m                         ~[0m
[96msrc/services/auth.service.ts[0m:[93m196[0m:[93m33[0m - [91merror[0m[90m TS1005: [0m';' expected.

[7m196[0m   public createToken(user: User): TokenData {
[7m   [0m [91m                                ~[0m
[96msrc/services/auth.service.ts[0m:[93m196[0m:[93m35[0m - [91merror[0m[90m TS1434: [0mUnexpected keyword or identifier.

[7m196[0m   public createToken(user: User): TokenData {
[7m   [0m [91m                                  ~~~~~~~~~[0m
[96msrc/services/auth.service.ts[0m:[93m207[0m:[93m3[0m - [91merror[0m[90m TS1128: [0mDeclaration or statement expected.

[7m207[0m   public generateRandomOtp() {
[7m   [0m [91m  ~~~~~~[0m
[96msrc/services/auth.service.ts[0m:[93m207[0m:[93m30[0m - [91merror[0m[90m TS1005: [0m';' expected.

[7m207[0m   public generateRandomOtp() {
[7m   [0m [91m                             ~[0m
[96msrc/services/auth.service.ts[0m:[93m212[0m:[93m3[0m - [91merror[0m[90m TS1128: [0mDeclaration or statement expected.

[7m212[0m   public createCookie(tokenData: TokenData): string {
[7m   [0m [91m  ~~~~~~[0m
[96msrc/services/auth.service.ts[0m:[93m212[0m:[93m32[0m - [91merror[0m[90m TS1005: [0m',' expected.

[7m212[0m   public createCookie(tokenData: TokenData): string {
[7m   [0m [91m                               ~[0m
[96msrc/services/auth.service.ts[0m:[93m212[0m:[93m44[0m - [91merror[0m[90m TS1005: [0m';' expected.

[7m212[0m   public createCookie(tokenData: TokenData): string {
[7m   [0m [91m                                           ~[0m
[96msrc/services/auth.service.ts[0m:[93m212[0m:[93m46[0m - [91merror[0m[90m TS1434: [0mUnexpected keyword or identifier.

[7m212[0m   public createCookie(tokenData: TokenData): string {
[7m   [0m [91m                                             ~~~~~~[0m
[96msrc/services/auth.service.ts[0m:[93m215[0m:[93m1[0m - [91merror[0m[90m TS1128: [0mDeclaration or statement expected.

[7m215[0m }
[7m   [0m [91m~[0m

    at createTSError (D:\Pocket Survey\pocketSurvey_backend\node_modules\ts-node\src\index.ts:750:12)
    at reportTSError (D:\Pocket Survey\pocketSurvey_backend\node_modules\ts-node\src\index.ts:754:19)
    at D:\Pocket Survey\pocketSurvey_backend\node_modules\ts-node\src\index.ts:1216:34
    at Object.compile (D:\Pocket Survey\pocketSurvey_backend\node_modules\ts-node\src\index.ts:1243:30)
    at Module.m._compile (D:\Pocket Survey\pocketSurvey_backend\node_modules\ts-node\src\index.ts:1370:30)
    at Module._extensions..js (node:internal/modules/cjs/loader:1159:10)
    at Object.require.extensions.<computed> [as .ts] (D:\Pocket Survey\pocketSurvey_backend\node_modules\ts-node\src\index.ts:1374:12)
    at Module.load (node:internal/modules/cjs/loader:981:32)
    at Function.Module._load (node:internal/modules/cjs/loader:822:12)
    at Module.require (node:internal/modules/cjs/loader:1005:19)
2024-07-05 04:33:40 error: uncaughtException: Invalid status code: undefined
RangeError [ERR_HTTP_INVALID_STATUS_CODE]: Invalid status code: undefined
    at new NodeError (node:internal/errors:372:5)
    at ServerResponse.writeHead (node:_http_server:275:11)
    at ServerResponse.writeHead (D:\Pocket Survey\pocketSurvey_backend\node_modules\on-headers\index.js:44:26)
    at ServerResponse.writeHead (D:\Pocket Survey\pocketSurvey_backend\node_modules\on-headers\index.js:44:26)
    at ServerResponse._implicitHeader (node:_http_server:266:8)
    at ServerResponse.end (D:\Pocket Survey\pocketSurvey_backend\node_modules\compression\index.js:103:14)
    at ServerResponse.send (D:\Pocket Survey\pocketSurvey_backend\node_modules\express\lib\response.js:233:10)
    at ServerResponse.json (D:\Pocket Survey\pocketSurvey_backend\node_modules\express\lib\response.js:279:15)
    at AuthController.<anonymous> (D:\Pocket Survey\pocketSurvey_backend\src\controllers\auth.controller.ts:173:30)
    at step (D:\Pocket Survey\pocketSurvey_backend\src\controllers\auth.controller.ts:33:23)
2024-07-05 04:35:41 error: uncaughtException: Invalid status code: undefined
RangeError [ERR_HTTP_INVALID_STATUS_CODE]: Invalid status code: undefined
    at new NodeError (node:internal/errors:372:5)
    at ServerResponse.writeHead (node:_http_server:275:11)
    at ServerResponse.writeHead (D:\Pocket Survey\pocketSurvey_backend\node_modules\on-headers\index.js:44:26)
    at ServerResponse.writeHead (D:\Pocket Survey\pocketSurvey_backend\node_modules\on-headers\index.js:44:26)
    at ServerResponse._implicitHeader (node:_http_server:266:8)
    at ServerResponse.end (D:\Pocket Survey\pocketSurvey_backend\node_modules\compression\index.js:103:14)
    at ServerResponse.send (D:\Pocket Survey\pocketSurvey_backend\node_modules\express\lib\response.js:233:10)
    at ServerResponse.json (D:\Pocket Survey\pocketSurvey_backend\node_modules\express\lib\response.js:279:15)
    at AuthController.<anonymous> (D:\Pocket Survey\pocketSurvey_backend\src\controllers\auth.controller.ts:173:30)
    at step (D:\Pocket Survey\pocketSurvey_backend\src\controllers\auth.controller.ts:33:23)
2024-07-05 04:38:07 error: uncaughtException: Invalid status code: undefined
RangeError [ERR_HTTP_INVALID_STATUS_CODE]: Invalid status code: undefined
    at new NodeError (node:internal/errors:372:5)
    at ServerResponse.writeHead (node:_http_server:275:11)
    at ServerResponse.writeHead (D:\Pocket Survey\pocketSurvey_backend\node_modules\on-headers\index.js:44:26)
    at ServerResponse.writeHead (D:\Pocket Survey\pocketSurvey_backend\node_modules\on-headers\index.js:44:26)
    at ServerResponse._implicitHeader (node:_http_server:266:8)
    at ServerResponse.end (D:\Pocket Survey\pocketSurvey_backend\node_modules\compression\index.js:103:14)
    at ServerResponse.send (D:\Pocket Survey\pocketSurvey_backend\node_modules\express\lib\response.js:233:10)
    at ServerResponse.json (D:\Pocket Survey\pocketSurvey_backend\node_modules\express\lib\response.js:279:15)
    at AuthController.<anonymous> (D:\Pocket Survey\pocketSurvey_backend\src\controllers\auth.controller.ts:173:30)
    at step (D:\Pocket Survey\pocketSurvey_backend\src\controllers\auth.controller.ts:33:23)
2024-07-05 04:38:42 error: uncaughtException: Invalid status code: undefined
RangeError [ERR_HTTP_INVALID_STATUS_CODE]: Invalid status code: undefined
    at new NodeError (node:internal/errors:372:5)
    at ServerResponse.writeHead (node:_http_server:275:11)
    at ServerResponse.writeHead (D:\Pocket Survey\pocketSurvey_backend\node_modules\on-headers\index.js:44:26)
    at ServerResponse.writeHead (D:\Pocket Survey\pocketSurvey_backend\node_modules\on-headers\index.js:44:26)
    at ServerResponse._implicitHeader (node:_http_server:266:8)
    at ServerResponse.end (D:\Pocket Survey\pocketSurvey_backend\node_modules\compression\index.js:103:14)
    at ServerResponse.send (D:\Pocket Survey\pocketSurvey_backend\node_modules\express\lib\response.js:233:10)
    at ServerResponse.json (D:\Pocket Survey\pocketSurvey_backend\node_modules\express\lib\response.js:279:15)
    at AuthController.<anonymous> (D:\Pocket Survey\pocketSurvey_backend\src\controllers\auth.controller.ts:173:30)
    at step (D:\Pocket Survey\pocketSurvey_backend\src\controllers\auth.controller.ts:33:23)
2024-07-05 04:44:10 error: uncaughtException: Invalid status code: undefined
RangeError [ERR_HTTP_INVALID_STATUS_CODE]: Invalid status code: undefined
    at new NodeError (node:internal/errors:372:5)
    at ServerResponse.writeHead (node:_http_server:275:11)
    at ServerResponse.writeHead (D:\Pocket Survey\pocketSurvey_backend\node_modules\on-headers\index.js:44:26)
    at ServerResponse.writeHead (D:\Pocket Survey\pocketSurvey_backend\node_modules\on-headers\index.js:44:26)
    at ServerResponse._implicitHeader (node:_http_server:266:8)
    at ServerResponse.end (D:\Pocket Survey\pocketSurvey_backend\node_modules\compression\index.js:103:14)
    at ServerResponse.send (D:\Pocket Survey\pocketSurvey_backend\node_modules\express\lib\response.js:233:10)
    at ServerResponse.json (D:\Pocket Survey\pocketSurvey_backend\node_modules\express\lib\response.js:279:15)
    at AuthController.<anonymous> (D:\Pocket Survey\pocketSurvey_backend\src\controllers\auth.controller.ts:173:30)
    at step (D:\Pocket Survey\pocketSurvey_backend\src\controllers\auth.controller.ts:33:23)
2024-07-05 04:46:22 error: [POST] /organizationSignup >> StatusCode:: 500, Message:: User with email io@a.com already exists.
2024-07-05 04:57:49 error: [POST] /changePassword >> StatusCode:: 401, Message:: Wrong Jwt authentication token
2024-07-05 04:57:58 error: [POST] /verifyOtp >> StatusCode:: 500, Message:: Incorrect Otp.
2024-07-05 04:58:20 error: [POST] /changePassword >> StatusCode:: 500, Message:: User don't exist.
2024-07-05 04:58:54 error: [POST] /changePassword >> StatusCode:: 500, Message:: User don't exist.
2024-07-05 02:51:01 error: [POST] /login >> StatusCode:: 500, Message:: Incorrect Email or Password.
2024-07-05 02:51:30 error: [POST] /updateProfile >> StatusCode:: 401, Message:: Wrong Jwt authentication token
2024-07-05 02:51:35 error: [POST] /login >> StatusCode:: 500, Message:: Incorrect Email or Password.
2024-07-05 02:52:34 error: [POST] /updateProfile >> StatusCode:: 401, Message:: Wrong Jwt authentication token
2024-07-05 02:52:51 error: [POST] /verifyOtp >> StatusCode:: 500, Message:: Incorrect Otp.
2024-07-05 02:53:03 error: uncaughtException: Invalid status code: undefined
RangeError [ERR_HTTP_INVALID_STATUS_CODE]: Invalid status code: undefined
    at new NodeError (node:internal/errors:405:5)
    at ServerResponse.writeHead (node:_http_server:347:11)
    at ServerResponse.writeHead (E:\Pocket Survey\pocketSurvey_backend\node_modules\on-headers\index.js:44:26)
    at ServerResponse.writeHead (E:\Pocket Survey\pocketSurvey_backend\node_modules\on-headers\index.js:44:26)
    at ServerResponse._implicitHeader (node:_http_server:338:8)
    at ServerResponse.end (E:\Pocket Survey\pocketSurvey_backend\node_modules\compression\index.js:103:14)
    at ServerResponse.send (E:\Pocket Survey\pocketSurvey_backend\node_modules\express\lib\response.js:233:10)
    at ServerResponse.json (E:\Pocket Survey\pocketSurvey_backend\node_modules\express\lib\response.js:279:15)
    at ProfileController.<anonymous> (E:\Pocket Survey\pocketSurvey_backend\src\controllers\profile.controller.ts:47:30)
    at step (E:\Pocket Survey\pocketSurvey_backend\src\controllers\profile.controller.ts:33:23)
2024-07-05 02:54:48 error: [POST] /updateProfile >> StatusCode:: 500, Message:: User with this email already exists.
2024-07-05 02:55:39 error: [POST] /updateProfile >> StatusCode:: 400, Message:: phone should not be empty
2024-07-05 02:56:00 error: [POST] /changePassword >> StatusCode:: 500, Message:: User don't exist.
2024-07-05 03:00:42 error: [POST] /changePassword >> StatusCode:: 500, Message:: Incorrect Password
2024-07-05 03:01:22 error: [POST] /changePassword >> StatusCode:: 500, Message:: User don't exist.
2024-07-05 03:01:31 error: [POST] /changePassword >> StatusCode:: 500, Message:: Incorrect Password
2024-07-05 03:02:06 error: [POST] /changePassword >> StatusCode:: 500, Message:: Incorrect Password
2024-07-05 03:02:49 error: [POST] /changePassword >> StatusCode:: 500, Message:: Incorrect Password
2024-07-05 03:03:04 error: [POST] /changePassword >> StatusCode:: 500, Message:: Incorrect Password
2024-07-05 03:03:48 error: [POST] /changePassword >> StatusCode:: 500, Message:: Incorrect Password
2024-07-05 03:15:39 error: [POST] /login >> StatusCode:: 500, Message:: Incorrect Email or Password.
2024-07-05 03:16:20 error: [POST] /login >> StatusCode:: 500, Message:: Email bajwabu@gmail.com not found.
2024-07-05 03:17:07 error: [POST] /login >> StatusCode:: 500, Message:: Email "bajwabu@gmail.com" not found.
2024-07-05 03:17:18 error: [POST] /login >> StatusCode:: 500, Message:: Email 'bajwabu@gmail.com' not found.
2024-07-05 03:18:11 error: [POST] /login >> StatusCode:: 500, Message:: Email bajwabu@gmail.com not found.
2024-07-05 03:18:25 error: [POST] /login >> StatusCode:: 500, Message:: Incorrect Email or Password.
2024-07-05 03:19:09 error: [POST] /login >> StatusCode:: 500, Message:: Incorrect Password.
2024-07-05 03:20:25 error: [POST] /login >> StatusCode:: 500, Message:: Incorrect Password.
2024-07-05 03:33:46 error: uncaughtException: profile_controller_1.default is not a constructor
TypeError: profile_controller_1.default is not a constructor
    at new ProfileRoute (E:\Pocket Survey\pocketSurvey_backend\src\routes\profile.route.ts:12:30)
    at Object.<anonymous> (E:\Pocket Survey\pocketSurvey_backend\src\server.ts:12:41)
    at Module._compile (node:internal/modules/cjs/loader:1364:14)
    at Module.m._compile (E:\Pocket Survey\pocketSurvey_backend\node_modules\ts-node\src\index.ts:1371:23)
    at Module._extensions..js (node:internal/modules/cjs/loader:1422:10)
    at Object.require.extensions.<computed> [as .ts] (E:\Pocket Survey\pocketSurvey_backend\node_modules\ts-node\src\index.ts:1374:12)
    at Module.load (node:internal/modules/cjs/loader:1203:32)
    at Function.Module._load (node:internal/modules/cjs/loader:1019:12)
    at Function.executeUserEntryPoint [as runMain] (node:internal/modules/run_main:128:12)
    at main (E:\Pocket Survey\pocketSurvey_backend\node_modules\ts-node\src\bin.ts:331:12)
2024-07-05 03:33:58 error: uncaughtException: profile_controller_1.default is not a constructor
TypeError: profile_controller_1.default is not a constructor
    at new ProfileRoute (E:\Pocket Survey\pocketSurvey_backend\src\routes\profile.route.ts:12:30)
    at Object.<anonymous> (E:\Pocket Survey\pocketSurvey_backend\src\server.ts:12:41)
    at Module._compile (node:internal/modules/cjs/loader:1364:14)
    at Module.m._compile (E:\Pocket Survey\pocketSurvey_backend\node_modules\ts-node\src\index.ts:1371:23)
    at Module._extensions..js (node:internal/modules/cjs/loader:1422:10)
    at Object.require.extensions.<computed> [as .ts] (E:\Pocket Survey\pocketSurvey_backend\node_modules\ts-node\src\index.ts:1374:12)
    at Module.load (node:internal/modules/cjs/loader:1203:32)
    at Function.Module._load (node:internal/modules/cjs/loader:1019:12)
    at Function.executeUserEntryPoint [as runMain] (node:internal/modules/run_main:128:12)
    at main (E:\Pocket Survey\pocketSurvey_backend\node_modules\ts-node\src\bin.ts:331:12)
2024-07-05 03:34:18 error: uncaughtException: profile_controller_1.default is not a constructor
TypeError: profile_controller_1.default is not a constructor
    at new ProfileRoute (E:\Pocket Survey\pocketSurvey_backend\src\routes\profile.route.ts:12:30)
    at Object.<anonymous> (E:\Pocket Survey\pocketSurvey_backend\src\server.ts:12:41)
    at Module._compile (node:internal/modules/cjs/loader:1364:14)
    at Module.m._compile (E:\Pocket Survey\pocketSurvey_backend\node_modules\ts-node\src\index.ts:1371:23)
    at Module._extensions..js (node:internal/modules/cjs/loader:1422:10)
    at Object.require.extensions.<computed> [as .ts] (E:\Pocket Survey\pocketSurvey_backend\node_modules\ts-node\src\index.ts:1374:12)
    at Module.load (node:internal/modules/cjs/loader:1203:32)
    at Function.Module._load (node:internal/modules/cjs/loader:1019:12)
    at Function.executeUserEntryPoint [as runMain] (node:internal/modules/run_main:128:12)
    at main (E:\Pocket Survey\pocketSurvey_backend\node_modules\ts-node\src\bin.ts:331:12)
2024-07-05 03:34:30 error: uncaughtException: profile_controller_1.default is not a constructor
TypeError: profile_controller_1.default is not a constructor
    at new ProfileRoute (E:\Pocket Survey\pocketSurvey_backend\src\routes\profile.route.ts:12:30)
    at Object.<anonymous> (E:\Pocket Survey\pocketSurvey_backend\src\server.ts:12:41)
    at Module._compile (node:internal/modules/cjs/loader:1364:14)
    at Module.m._compile (E:\Pocket Survey\pocketSurvey_backend\node_modules\ts-node\src\index.ts:1371:23)
    at Module._extensions..js (node:internal/modules/cjs/loader:1422:10)
    at Object.require.extensions.<computed> [as .ts] (E:\Pocket Survey\pocketSurvey_backend\node_modules\ts-node\src\index.ts:1374:12)
    at Module.load (node:internal/modules/cjs/loader:1203:32)
    at Function.Module._load (node:internal/modules/cjs/loader:1019:12)
    at Function.executeUserEntryPoint [as runMain] (node:internal/modules/run_main:128:12)
    at main (E:\Pocket Survey\pocketSurvey_backend\node_modules\ts-node\src\bin.ts:331:12)
2024-07-05 03:35:29 error: uncaughtException: profile_controller_1.default is not a constructor
TypeError: profile_controller_1.default is not a constructor
    at new ProfileRoute (E:\Pocket Survey\pocketSurvey_backend\src\routes\profile.route.ts:12:30)
    at Object.<anonymous> (E:\Pocket Survey\pocketSurvey_backend\src\server.ts:12:41)
    at Module._compile (node:internal/modules/cjs/loader:1364:14)
    at Module.m._compile (E:\Pocket Survey\pocketSurvey_backend\node_modules\ts-node\src\index.ts:1371:23)
    at Module._extensions..js (node:internal/modules/cjs/loader:1422:10)
    at Object.require.extensions.<computed> [as .ts] (E:\Pocket Survey\pocketSurvey_backend\node_modules\ts-node\src\index.ts:1374:12)
    at Module.load (node:internal/modules/cjs/loader:1203:32)
    at Function.Module._load (node:internal/modules/cjs/loader:1019:12)
    at Function.executeUserEntryPoint [as runMain] (node:internal/modules/run_main:128:12)
    at main (E:\Pocket Survey\pocketSurvey_backend\node_modules\ts-node\src\bin.ts:331:12)
2024-07-05 03:36:01 error: uncaughtException: profile_controller_1.default is not a constructor
TypeError: profile_controller_1.default is not a constructor
    at new ProfileRoute (E:\Pocket Survey\pocketSurvey_backend\src\routes\profile.route.ts:12:30)
    at Object.<anonymous> (E:\Pocket Survey\pocketSurvey_backend\src\server.ts:12:41)
    at Module._compile (node:internal/modules/cjs/loader:1364:14)
    at Module.m._compile (E:\Pocket Survey\pocketSurvey_backend\node_modules\ts-node\src\index.ts:1371:23)
    at Module._extensions..js (node:internal/modules/cjs/loader:1422:10)
    at Object.require.extensions.<computed> [as .ts] (E:\Pocket Survey\pocketSurvey_backend\node_modules\ts-node\src\index.ts:1374:12)
    at Module.load (node:internal/modules/cjs/loader:1203:32)
    at Function.Module._load (node:internal/modules/cjs/loader:1019:12)
    at Function.executeUserEntryPoint [as runMain] (node:internal/modules/run_main:128:12)
    at main (E:\Pocket Survey\pocketSurvey_backend\node_modules\ts-node\src\bin.ts:331:12)
2024-07-05 03:38:25 error: uncaughtException: profile_controller_1.default is not a constructor
TypeError: profile_controller_1.default is not a constructor
    at new ProfileRoute (E:\Pocket Survey\pocketSurvey_backend\src\routes\profile.route.ts:12:30)
    at Object.<anonymous> (E:\Pocket Survey\pocketSurvey_backend\src\server.ts:12:41)
    at Module._compile (node:internal/modules/cjs/loader:1364:14)
    at Module.m._compile (E:\Pocket Survey\pocketSurvey_backend\node_modules\ts-node\src\index.ts:1371:23)
    at Module._extensions..js (node:internal/modules/cjs/loader:1422:10)
    at Object.require.extensions.<computed> [as .ts] (E:\Pocket Survey\pocketSurvey_backend\node_modules\ts-node\src\index.ts:1374:12)
    at Module.load (node:internal/modules/cjs/loader:1203:32)
    at Function.Module._load (node:internal/modules/cjs/loader:1019:12)
    at Function.executeUserEntryPoint [as runMain] (node:internal/modules/run_main:128:12)
    at main (E:\Pocket Survey\pocketSurvey_backend\node_modules\ts-node\src\bin.ts:331:12)
2024-07-05 03:38:45 error: uncaughtException: profile_controller_1.default is not a constructor
TypeError: profile_controller_1.default is not a constructor
    at new ProfileRoute (E:\Pocket Survey\pocketSurvey_backend\src\routes\profile.route.ts:12:30)
    at Object.<anonymous> (E:\Pocket Survey\pocketSurvey_backend\src\server.ts:12:41)
    at Module._compile (node:internal/modules/cjs/loader:1364:14)
    at Module.m._compile (E:\Pocket Survey\pocketSurvey_backend\node_modules\ts-node\src\index.ts:1371:23)
    at Module._extensions..js (node:internal/modules/cjs/loader:1422:10)
    at Object.require.extensions.<computed> [as .ts] (E:\Pocket Survey\pocketSurvey_backend\node_modules\ts-node\src\index.ts:1374:12)
    at Module.load (node:internal/modules/cjs/loader:1203:32)
    at Function.Module._load (node:internal/modules/cjs/loader:1019:12)
    at Function.executeUserEntryPoint [as runMain] (node:internal/modules/run_main:128:12)
    at main (E:\Pocket Survey\pocketSurvey_backend\node_modules\ts-node\src\bin.ts:331:12)
2024-07-05 03:39:11 error: uncaughtException: profile_controller_1.default is not a constructor
TypeError: profile_controller_1.default is not a constructor
    at new ProfileRoute (E:\Pocket Survey\pocketSurvey_backend\src\routes\profile.route.ts:12:30)
    at Object.<anonymous> (E:\Pocket Survey\pocketSurvey_backend\src\server.ts:12:41)
    at Module._compile (node:internal/modules/cjs/loader:1364:14)
    at Module.m._compile (E:\Pocket Survey\pocketSurvey_backend\node_modules\ts-node\src\index.ts:1371:23)
    at Module._extensions..js (node:internal/modules/cjs/loader:1422:10)
    at Object.require.extensions.<computed> [as .ts] (E:\Pocket Survey\pocketSurvey_backend\node_modules\ts-node\src\index.ts:1374:12)
    at Module.load (node:internal/modules/cjs/loader:1203:32)
    at Function.Module._load (node:internal/modules/cjs/loader:1019:12)
    at Function.executeUserEntryPoint [as runMain] (node:internal/modules/run_main:128:12)
    at main (E:\Pocket Survey\pocketSurvey_backend\node_modules\ts-node\src\bin.ts:331:12)
2024-07-05 03:40:32 error: uncaughtException: profile_controller_1.default is not a constructor
TypeError: profile_controller_1.default is not a constructor
    at new ProfileRoute (E:\Pocket Survey\pocketSurvey_backend\src\routes\profile.route.ts:12:30)
    at Object.<anonymous> (E:\Pocket Survey\pocketSurvey_backend\src\server.ts:12:41)
    at Module._compile (node:internal/modules/cjs/loader:1364:14)
    at Module.m._compile (E:\Pocket Survey\pocketSurvey_backend\node_modules\ts-node\src\index.ts:1371:23)
    at Module._extensions..js (node:internal/modules/cjs/loader:1422:10)
    at Object.require.extensions.<computed> [as .ts] (E:\Pocket Survey\pocketSurvey_backend\node_modules\ts-node\src\index.ts:1374:12)
    at Module.load (node:internal/modules/cjs/loader:1203:32)
    at Function.Module._load (node:internal/modules/cjs/loader:1019:12)
    at Function.executeUserEntryPoint [as runMain] (node:internal/modules/run_main:128:12)
    at main (E:\Pocket Survey\pocketSurvey_backend\node_modules\ts-node\src\bin.ts:331:12)
2024-07-05 03:40:39 error: uncaughtException: profile_controller_1.default is not a constructor
TypeError: profile_controller_1.default is not a constructor
    at new ProfileRoute (E:\Pocket Survey\pocketSurvey_backend\src\routes\profile.route.ts:12:30)
    at Object.<anonymous> (E:\Pocket Survey\pocketSurvey_backend\src\server.ts:12:41)
    at Module._compile (node:internal/modules/cjs/loader:1364:14)
    at Module.m._compile (E:\Pocket Survey\pocketSurvey_backend\node_modules\ts-node\src\index.ts:1371:23)
    at Module._extensions..js (node:internal/modules/cjs/loader:1422:10)
    at Object.require.extensions.<computed> [as .ts] (E:\Pocket Survey\pocketSurvey_backend\node_modules\ts-node\src\index.ts:1374:12)
    at Module.load (node:internal/modules/cjs/loader:1203:32)
    at Function.Module._load (node:internal/modules/cjs/loader:1019:12)
    at Function.executeUserEntryPoint [as runMain] (node:internal/modules/run_main:128:12)
    at main (E:\Pocket Survey\pocketSurvey_backend\node_modules\ts-node\src\bin.ts:331:12)
2024-07-05 03:41:39 error: uncaughtException: profile_controller_1.default is not a constructor
TypeError: profile_controller_1.default is not a constructor
    at new ProfileRoute (E:\Pocket Survey\pocketSurvey_backend\src\routes\profile.route.ts:12:30)
    at Object.<anonymous> (E:\Pocket Survey\pocketSurvey_backend\src\server.ts:12:41)
    at Module._compile (node:internal/modules/cjs/loader:1364:14)
    at Module.m._compile (E:\Pocket Survey\pocketSurvey_backend\node_modules\ts-node\src\index.ts:1371:23)
    at Module._extensions..js (node:internal/modules/cjs/loader:1422:10)
    at Object.require.extensions.<computed> [as .ts] (E:\Pocket Survey\pocketSurvey_backend\node_modules\ts-node\src\index.ts:1374:12)
    at Module.load (node:internal/modules/cjs/loader:1203:32)
    at Function.Module._load (node:internal/modules/cjs/loader:1019:12)
    at Function.executeUserEntryPoint [as runMain] (node:internal/modules/run_main:128:12)
    at main (E:\Pocket Survey\pocketSurvey_backend\node_modules\ts-node\src\bin.ts:331:12)
2024-07-05 03:42:06 error: uncaughtException: profile_controller_1.default is not a constructor
TypeError: profile_controller_1.default is not a constructor
    at new ProfileRoute (E:\Pocket Survey\pocketSurvey_backend\src\routes\profile.route.ts:12:30)
    at Object.<anonymous> (E:\Pocket Survey\pocketSurvey_backend\src\server.ts:12:41)
    at Module._compile (node:internal/modules/cjs/loader:1364:14)
    at Module.m._compile (E:\Pocket Survey\pocketSurvey_backend\node_modules\ts-node\src\index.ts:1371:23)
    at Module._extensions..js (node:internal/modules/cjs/loader:1422:10)
    at Object.require.extensions.<computed> [as .ts] (E:\Pocket Survey\pocketSurvey_backend\node_modules\ts-node\src\index.ts:1374:12)
    at Module.load (node:internal/modules/cjs/loader:1203:32)
    at Function.Module._load (node:internal/modules/cjs/loader:1019:12)
    at Function.executeUserEntryPoint [as runMain] (node:internal/modules/run_main:128:12)
    at main (E:\Pocket Survey\pocketSurvey_backend\node_modules\ts-node\src\bin.ts:331:12)
2024-07-05 03:43:32 error: uncaughtException: profile_controller_1.default is not a constructor
TypeError: profile_controller_1.default is not a constructor
    at new ProfileRoute (E:\Pocket Survey\pocketSurvey_backend\src\routes\profile.route.ts:12:30)
    at Object.<anonymous> (E:\Pocket Survey\pocketSurvey_backend\src\server.ts:12:41)
    at Module._compile (node:internal/modules/cjs/loader:1364:14)
    at Module.m._compile (E:\Pocket Survey\pocketSurvey_backend\node_modules\ts-node\src\index.ts:1371:23)
    at Module._extensions..js (node:internal/modules/cjs/loader:1422:10)
    at Object.require.extensions.<computed> [as .ts] (E:\Pocket Survey\pocketSurvey_backend\node_modules\ts-node\src\index.ts:1374:12)
    at Module.load (node:internal/modules/cjs/loader:1203:32)
    at Function.Module._load (node:internal/modules/cjs/loader:1019:12)
    at Function.executeUserEntryPoint [as runMain] (node:internal/modules/run_main:128:12)
    at main (E:\Pocket Survey\pocketSurvey_backend\node_modules\ts-node\src\bin.ts:331:12)
2024-07-05 03:43:45 error: uncaughtException: profile_controller_1.default is not a constructor
TypeError: profile_controller_1.default is not a constructor
    at new ProfileRoute (E:\Pocket Survey\pocketSurvey_backend\src\routes\profile.route.ts:12:30)
    at Object.<anonymous> (E:\Pocket Survey\pocketSurvey_backend\src\server.ts:12:41)
    at Module._compile (node:internal/modules/cjs/loader:1364:14)
    at Module.m._compile (E:\Pocket Survey\pocketSurvey_backend\node_modules\ts-node\src\index.ts:1371:23)
    at Module._extensions..js (node:internal/modules/cjs/loader:1422:10)
    at Object.require.extensions.<computed> [as .ts] (E:\Pocket Survey\pocketSurvey_backend\node_modules\ts-node\src\index.ts:1374:12)
    at Module.load (node:internal/modules/cjs/loader:1203:32)
    at Function.Module._load (node:internal/modules/cjs/loader:1019:12)
    at Function.executeUserEntryPoint [as runMain] (node:internal/modules/run_main:128:12)
    at main (E:\Pocket Survey\pocketSurvey_backend\node_modules\ts-node\src\bin.ts:331:12)
2024-07-05 03:43:56 error: uncaughtException: profile_controller_1.default is not a constructor
TypeError: profile_controller_1.default is not a constructor
    at new ProfileRoute (E:\Pocket Survey\pocketSurvey_backend\src\routes\profile.route.ts:12:30)
    at Object.<anonymous> (E:\Pocket Survey\pocketSurvey_backend\src\server.ts:12:41)
    at Module._compile (node:internal/modules/cjs/loader:1364:14)
    at Module.m._compile (E:\Pocket Survey\pocketSurvey_backend\node_modules\ts-node\src\index.ts:1371:23)
    at Module._extensions..js (node:internal/modules/cjs/loader:1422:10)
    at Object.require.extensions.<computed> [as .ts] (E:\Pocket Survey\pocketSurvey_backend\node_modules\ts-node\src\index.ts:1374:12)
    at Module.load (node:internal/modules/cjs/loader:1203:32)
    at Function.Module._load (node:internal/modules/cjs/loader:1019:12)
    at Function.executeUserEntryPoint [as runMain] (node:internal/modules/run_main:128:12)
    at main (E:\Pocket Survey\pocketSurvey_backend\node_modules\ts-node\src\bin.ts:331:12)
2024-07-05 03:44:50 error: uncaughtException: profile_controller_1.default is not a constructor
TypeError: profile_controller_1.default is not a constructor
    at new ProfileRoute (E:\Pocket Survey\pocketSurvey_backend\src\routes\profile.route.ts:12:30)
    at Object.<anonymous> (E:\Pocket Survey\pocketSurvey_backend\src\server.ts:12:41)
    at Module._compile (node:internal/modules/cjs/loader:1364:14)
    at Module.m._compile (E:\Pocket Survey\pocketSurvey_backend\node_modules\ts-node\src\index.ts:1371:23)
    at Module._extensions..js (node:internal/modules/cjs/loader:1422:10)
    at Object.require.extensions.<computed> [as .ts] (E:\Pocket Survey\pocketSurvey_backend\node_modules\ts-node\src\index.ts:1374:12)
    at Module.load (node:internal/modules/cjs/loader:1203:32)
    at Function.Module._load (node:internal/modules/cjs/loader:1019:12)
    at Function.executeUserEntryPoint [as runMain] (node:internal/modules/run_main:128:12)
    at main (E:\Pocket Survey\pocketSurvey_backend\node_modules\ts-node\src\bin.ts:331:12)
2024-07-05 03:46:22 error: [POST] /login >> StatusCode:: 500, Message:: Email bajwab4u@gail.com not found.
2024-07-05 03:46:32 error: [POST] /login >> StatusCode:: 500, Message:: Incorrect Password.
2024-07-05 03:48:57 error: [POST] /verifyOtp >> StatusCode:: 500, Message:: Incorrect Otp.
2024-07-05 03:52:52 error: uncaughtException: Invalid status code: undefined
RangeError [ERR_HTTP_INVALID_STATUS_CODE]: Invalid status code: undefined
    at new NodeError (node:internal/errors:405:5)
    at ServerResponse.writeHead (node:_http_server:347:11)
    at ServerResponse.writeHead (E:\Pocket Survey\pocketSurvey_backend\node_modules\on-headers\index.js:44:26)
    at ServerResponse.writeHead (E:\Pocket Survey\pocketSurvey_backend\node_modules\on-headers\index.js:44:26)
    at ServerResponse._implicitHeader (node:_http_server:338:8)
    at ServerResponse.end (E:\Pocket Survey\pocketSurvey_backend\node_modules\compression\index.js:103:14)
    at ServerResponse.send (E:\Pocket Survey\pocketSurvey_backend\node_modules\express\lib\response.js:233:10)
    at ServerResponse.json (E:\Pocket Survey\pocketSurvey_backend\node_modules\express\lib\response.js:279:15)
    at AuthController.<anonymous> (E:\Pocket Survey\pocketSurvey_backend\src\controllers\auth.controller.ts:148:30)
    at step (E:\Pocket Survey\pocketSurvey_backend\src\controllers\auth.controller.ts:33:23)
2024-07-05 03:53:45 error: [POST] /resendOtp >> StatusCode:: 500, Message:: Email bajwab4u@gmil.com not found.
2024-07-05 04:38:26 error: [POST] /changePassword >> StatusCode:: 500, Message:: Incorrect Password
2024-07-05 04:39:57 error: [POST] /organizationSignup >> StatusCode:: 400, Message:: Passwords do not match
2024-07-05 04:44:35 error: [POST] /changePassword >> StatusCode:: 500, Message:: Incorrect Password
