2024-07-09 06:22:28 error: [POST] /login >> StatusCode:: 500, Message:: Incorrect Password.
2024-07-09 06:22:34 error: [POST] /login >> StatusCode:: 500, Message:: Incorrect Password.
2024-07-09 08:39:50 error: uncaughtException: тип Unable to compile TypeScript:
[96msrc/entity/organization.entity.ts[0m:[93m22[0m:[93m6[0m - [91merror[0m[90m TS1109: [0mExpression expected.

[7m22[0m name?: string;
[7m  [0m [91m     ~[0m
[96msrc/entity/organization.entity.ts[0m:[93m23[0m:[93m7[0m - [91merror[0m[90m TS1109: [0mExpression expected.

[7m23[0m email?: string;
[7m  [0m [91m      ~[0m
[96msrc/entity/organization.entity.ts[0m:[93m24[0m:[93m15[0m - [91merror[0m[90m TS1109: [0mExpression expected.

[7m24[0m personContact?: string;
[7m  [0m [91m              ~[0m
[96msrc/entity/organization.entity.ts[0m:[93m25[0m:[93m9[0m - [91merror[0m[90m TS1109: [0mExpression expected.

[7m25[0m address?: string;
[7m  [0m [91m        ~[0m
[96msrc/entity/organization.entity.ts[0m:[93m26[0m:[93m6[0m - [91merror[0m[90m TS1109: [0mExpression expected.

[7m26[0m city?: string;
[7m  [0m [91m     ~[0m
[96msrc/entity/organization.entity.ts[0m:[93m27[0m:[93m9[0m - [91merror[0m[90m TS1109: [0mExpression expected.

[7m27[0m webSite?: string;
[7m  [0m [91m        ~[0m

TSError: тип Unable to compile TypeScript:
[96msrc/entity/organization.entity.ts[0m:[93m22[0m:[93m6[0m - [91merror[0m[90m TS1109: [0mExpression expected.

[7m22[0m name?: string;
[7m  [0m [91m     ~[0m
[96msrc/entity/organization.entity.ts[0m:[93m23[0m:[93m7[0m - [91merror[0m[90m TS1109: [0mExpression expected.

[7m23[0m email?: string;
[7m  [0m [91m      ~[0m
[96msrc/entity/organization.entity.ts[0m:[93m24[0m:[93m15[0m - [91merror[0m[90m TS1109: [0mExpression expected.

[7m24[0m personContact?: string;
[7m  [0m [91m              ~[0m
[96msrc/entity/organization.entity.ts[0m:[93m25[0m:[93m9[0m - [91merror[0m[90m TS1109: [0mExpression expected.

[7m25[0m address?: string;
[7m  [0m [91m        ~[0m
[96msrc/entity/organization.entity.ts[0m:[93m26[0m:[93m6[0m - [91merror[0m[90m TS1109: [0mExpression expected.

[7m26[0m city?: string;
[7m  [0m [91m     ~[0m
[96msrc/entity/organization.entity.ts[0m:[93m27[0m:[93m9[0m - [91merror[0m[90m TS1109: [0mExpression expected.

[7m27[0m webSite?: string;
[7m  [0m [91m        ~[0m

    at createTSError (E:\Pocket Survey\pocketSurvey_backend\node_modules\ts-node\src\index.ts:750:12)
    at reportTSError (E:\Pocket Survey\pocketSurvey_backend\node_modules\ts-node\src\index.ts:754:19)
    at E:\Pocket Survey\pocketSurvey_backend\node_modules\ts-node\src\index.ts:1216:34
    at Object.compile (E:\Pocket Survey\pocketSurvey_backend\node_modules\ts-node\src\index.ts:1243:30)
    at Module.m._compile (E:\Pocket Survey\pocketSurvey_backend\node_modules\ts-node\src\index.ts:1370:30)
    at Module._extensions..js (node:internal/modules/cjs/loader:1422:10)
    at Object.require.extensions.<computed> [as .ts] (E:\Pocket Survey\pocketSurvey_backend\node_modules\ts-node\src\index.ts:1374:12)
    at Module.load (node:internal/modules/cjs/loader:1203:32)
    at Function.Module._load (node:internal/modules/cjs/loader:1019:12)
    at Module.require (node:internal/modules/cjs/loader:1231:19)
2024-07-09 08:41:02 error: uncaughtException: тип Unable to compile TypeScript:
[96msrc/entity/organization.entity.ts[0m:[93m21[0m:[93m10[0m - [91merror[0m[90m TS1109: [0mExpression expected.

[7m21[0m     name?: string;
[7m  [0m [91m         ~[0m
[96msrc/entity/organization.entity.ts[0m:[93m22[0m:[93m19[0m - [91merror[0m[90m TS1109: [0mExpression expected.

[7m22[0m     personContact?: string;
[7m  [0m [91m                  ~[0m
[96msrc/entity/organization.entity.ts[0m:[93m23[0m:[93m13[0m - [91merror[0m[90m TS1109: [0mExpression expected.

[7m23[0m     address?: string;
[7m  [0m [91m            ~[0m
[96msrc/entity/organization.entity.ts[0m:[93m24[0m:[93m10[0m - [91merror[0m[90m TS1109: [0mExpression expected.

[7m24[0m     city?: string;
[7m  [0m [91m         ~[0m
[96msrc/entity/organization.entity.ts[0m:[93m25[0m:[93m13[0m - [91merror[0m[90m TS1109: [0mExpression expected.

[7m25[0m     webSite?: string;
[7m  [0m [91m            ~[0m
[96msrc/entity/organization.entity.ts[0m:[93m26[0m:[93m13[0m - [91merror[0m[90m TS1109: [0mExpression expected.

[7m26[0m     addedBy?:string;
[7m  [0m [91m            ~[0m
[96msrc/entity/organization.entity.ts[0m:[93m27[0m:[93m16[0m - [91merror[0m[90m TS1109: [0mExpression expected.

[7m27[0m     isVerified?:boolean;
[7m  [0m [91m               ~[0m

TSError: тип Unable to compile TypeScript:
[96msrc/entity/organization.entity.ts[0m:[93m21[0m:[93m10[0m - [91merror[0m[90m TS1109: [0mExpression expected.

[7m21[0m     name?: string;
[7m  [0m [91m         ~[0m
[96msrc/entity/organization.entity.ts[0m:[93m22[0m:[93m19[0m - [91merror[0m[90m TS1109: [0mExpression expected.

[7m22[0m     personContact?: string;
[7m  [0m [91m                  ~[0m
[96msrc/entity/organization.entity.ts[0m:[93m23[0m:[93m13[0m - [91merror[0m[90m TS1109: [0mExpression expected.

[7m23[0m     address?: string;
[7m  [0m [91m            ~[0m
[96msrc/entity/organization.entity.ts[0m:[93m24[0m:[93m10[0m - [91merror[0m[90m TS1109: [0mExpression expected.

[7m24[0m     city?: string;
[7m  [0m [91m         ~[0m
[96msrc/entity/organization.entity.ts[0m:[93m25[0m:[93m13[0m - [91merror[0m[90m TS1109: [0mExpression expected.

[7m25[0m     webSite?: string;
[7m  [0m [91m            ~[0m
[96msrc/entity/organization.entity.ts[0m:[93m26[0m:[93m13[0m - [91merror[0m[90m TS1109: [0mExpression expected.

[7m26[0m     addedBy?:string;
[7m  [0m [91m            ~[0m
[96msrc/entity/organization.entity.ts[0m:[93m27[0m:[93m16[0m - [91merror[0m[90m TS1109: [0mExpression expected.

[7m27[0m     isVerified?:boolean;
[7m  [0m [91m               ~[0m

    at createTSError (E:\Pocket Survey\pocketSurvey_backend\node_modules\ts-node\src\index.ts:750:12)
    at reportTSError (E:\Pocket Survey\pocketSurvey_backend\node_modules\ts-node\src\index.ts:754:19)
    at E:\Pocket Survey\pocketSurvey_backend\node_modules\ts-node\src\index.ts:1216:34
    at Object.compile (E:\Pocket Survey\pocketSurvey_backend\node_modules\ts-node\src\index.ts:1243:30)
    at Module.m._compile (E:\Pocket Survey\pocketSurvey_backend\node_modules\ts-node\src\index.ts:1370:30)
    at Module._extensions..js (node:internal/modules/cjs/loader:1422:10)
    at Object.require.extensions.<computed> [as .ts] (E:\Pocket Survey\pocketSurvey_backend\node_modules\ts-node\src\index.ts:1374:12)
    at Module.load (node:internal/modules/cjs/loader:1203:32)
    at Function.Module._load (node:internal/modules/cjs/loader:1019:12)
    at Module.require (node:internal/modules/cjs/loader:1231:19)
2024-07-09 10:00:00 error: [POST] /login >> StatusCode:: 500, Message:: Email bajwab4u@gmail.com not found.
